2020-09-06 17:39:19.8181|DEBUG||init main |
2020-09-06 17:39:40.1528|ERROR||Stopped program because of exception ssl has an invalid boolean value of false/.|
2020-09-06 17:39:52.5444|DEBUG||init main |
2020-09-06 17:40:51.7993|DEBUG||init main |
2020-09-06 17:41:27.6104|WARN ||Instrumentation has not been started because no tracer was registered. |
2020-09-06 17:41:37.1886|DEBUG|0HM2IEBQO2DL3:00000001|Running correlation ID processing |EventId_Id=100, EventId_Name=CorrelationIdProcessingBegin, EventId=CorrelationIdProcessingBegin
2020-09-06 17:41:37.1988|INFO |0HM2IEBQO2DL3:00000001|No correlation ID was found in the request headers |EventId_Id=106, EventId_Name=MissingCorrelationIdHeader, EventId=MissingCorrelationIdHeader
2020-09-06 17:41:37.2072|DEBUG|0HM2IEBQO2DL3:00000001|Generated a correlation ID b734ff2d-ed25-427b-b5c1-982cc94e7053 using the CorrelationId.Providers.GuidCorrelationIdProvider provider |CorrelationId=b734ff2d-ed25-427b-b5c1-982cc94e7053, Type=CorrelationId.Providers.GuidCorrelationIdProvider, EventId_Id=108, EventId_Name=GeneratedHeaderUsingProvider, EventId=GeneratedHeaderUsingProvider
2020-09-06 17:41:37.2123|DEBUG|0HM2IEBQO2DL3:00000001|Creating the correlation context for this request |EventId_Id=110, EventId_Name=CreatingCorrelationContext, EventId=CreatingCorrelationContext
2020-09-06 17:41:37.2241|DEBUG|0HM2IEBQO2DL3:00000001|Correlation ID processing was completed with a final correlation ID b734ff2d-ed25-427b-b5c1-982cc94e7053 |CorrelationId=b734ff2d-ed25-427b-b5c1-982cc94e7053, EventId_Id=101, EventId_Name=CorrelationIdProcessingEnd, EventId=CorrelationIdProcessingEnd
2020-09-06 17:41:37.2709|DEBUG|0HM2IEBQO2DL3:00000001|Writing correlation ID response header X-Correlation-Id with value b734ff2d-ed25-427b-b5c1-982cc94e7053 |ResponseHeader=X-Correlation-Id, CorrelationId=b734ff2d-ed25-427b-b5c1-982cc94e7053, EventId_Id=112, EventId_Name=WritingCorrelationIdResponseHeader, EventId=WritingCorrelationIdResponseHeader
2020-09-06 17:41:37.2863|DEBUG|0HM2IEBQO2DL3:00000001|Disposing the correlation context for this request |EventId_Id=111, EventId_Name=DisposingCorrelationContext, EventId=DisposingCorrelationContext
2020-09-06 17:41:37.4651|DEBUG|0HM2IEBQO2DL3:00000002|Running correlation ID processing |EventId_Id=100, EventId_Name=CorrelationIdProcessingBegin, EventId=CorrelationIdProcessingBegin
2020-09-06 17:41:37.4659|INFO |0HM2IEBQO2DL3:00000002|No correlation ID was found in the request headers |EventId_Id=106, EventId_Name=MissingCorrelationIdHeader, EventId=MissingCorrelationIdHeader
2020-09-06 17:41:37.4714|DEBUG|0HM2IEBQO2DL3:00000002|Generated a correlation ID f8404d4d-946b-43a3-bca8-4916b345371e using the CorrelationId.Providers.GuidCorrelationIdProvider provider |CorrelationId=f8404d4d-946b-43a3-bca8-4916b345371e, Type=CorrelationId.Providers.GuidCorrelationIdProvider, EventId_Id=108, EventId_Name=GeneratedHeaderUsingProvider, EventId=GeneratedHeaderUsingProvider
2020-09-06 17:41:37.4714|DEBUG|0HM2IEBQO2DL3:00000002|Creating the correlation context for this request |EventId_Id=110, EventId_Name=CreatingCorrelationContext, EventId=CreatingCorrelationContext
2020-09-06 17:41:37.4723|DEBUG|0HM2IEBQO2DL3:00000002|Correlation ID processing was completed with a final correlation ID f8404d4d-946b-43a3-bca8-4916b345371e |CorrelationId=f8404d4d-946b-43a3-bca8-4916b345371e, EventId_Id=101, EventId_Name=CorrelationIdProcessingEnd, EventId=CorrelationIdProcessingEnd
2020-09-06 17:41:37.5770|DEBUG|0HM2IEBQO2DL3:00000002|Writing correlation ID response header X-Correlation-Id with value f8404d4d-946b-43a3-bca8-4916b345371e |ResponseHeader=X-Correlation-Id, CorrelationId=f8404d4d-946b-43a3-bca8-4916b345371e, EventId_Id=112, EventId_Name=WritingCorrelationIdResponseHeader, EventId=WritingCorrelationIdResponseHeader
2020-09-06 17:41:37.5777|DEBUG|0HM2IEBQO2DL3:00000002|Disposing the correlation context for this request |EventId_Id=111, EventId_Name=DisposingCorrelationContext, EventId=DisposingCorrelationContext
2020-09-06 17:41:41.3476|DEBUG|0HM2IEBQO2DL3:00000003|Running correlation ID processing |EventId_Id=100, EventId_Name=CorrelationIdProcessingBegin, EventId=CorrelationIdProcessingBegin
2020-09-06 17:41:41.3495|INFO |0HM2IEBQO2DL3:00000003|Correlation ID a1fde048-c660-43c6-bdda-ce594c102930 was found in the request headers |CorrelationId=a1fde048-c660-43c6-bdda-ce594c102930, EventId_Id=105, EventId_Name=EnforcedCorrelationIdHeaderMissing, EventId=EnforcedCorrelationIdHeaderMissing
2020-09-06 17:41:41.3542|DEBUG|0HM2IEBQO2DL3:00000003|Creating the correlation context for this request |EventId_Id=110, EventId_Name=CreatingCorrelationContext, EventId=CreatingCorrelationContext
2020-09-06 17:41:41.3549|DEBUG|0HM2IEBQO2DL3:00000003|Correlation ID processing was completed with a final correlation ID a1fde048-c660-43c6-bdda-ce594c102930 |CorrelationId=a1fde048-c660-43c6-bdda-ce594c102930, EventId_Id=101, EventId_Name=CorrelationIdProcessingEnd, EventId=CorrelationIdProcessingEnd
2020-09-06 17:44:39.3871|DEBUG||init main |
2020-09-06 17:44:47.6710|WARN ||Instrumentation has not been started because no tracer was registered. |
2020-09-06 17:44:52.8485|DEBUG|0HM2IEDL20R17:00000001|Running correlation ID processing |EventId_Id=100, EventId_Name=CorrelationIdProcessingBegin, EventId=CorrelationIdProcessingBegin
2020-09-06 17:44:52.8580|INFO |0HM2IEDL20R17:00000001|No correlation ID was found in the request headers |EventId_Id=106, EventId_Name=MissingCorrelationIdHeader, EventId=MissingCorrelationIdHeader
2020-09-06 17:44:52.8684|DEBUG|0HM2IEDL20R17:00000001|Generated a correlation ID 85fe7935-20b1-4378-9319-cc716ca13539 using the CorrelationId.Providers.GuidCorrelationIdProvider provider |CorrelationId=85fe7935-20b1-4378-9319-cc716ca13539, Type=CorrelationId.Providers.GuidCorrelationIdProvider, EventId_Id=108, EventId_Name=GeneratedHeaderUsingProvider, EventId=GeneratedHeaderUsingProvider
2020-09-06 17:44:52.8753|DEBUG|0HM2IEDL20R17:00000001|Creating the correlation context for this request |EventId_Id=110, EventId_Name=CreatingCorrelationContext, EventId=CreatingCorrelationContext
2020-09-06 17:44:52.8879|DEBUG|0HM2IEDL20R17:00000001|Correlation ID processing was completed with a final correlation ID 85fe7935-20b1-4378-9319-cc716ca13539 |CorrelationId=85fe7935-20b1-4378-9319-cc716ca13539, EventId_Id=101, EventId_Name=CorrelationIdProcessingEnd, EventId=CorrelationIdProcessingEnd
2020-09-06 17:44:52.9327|DEBUG|0HM2IEDL20R17:00000001|Writing correlation ID response header X-Correlation-Id with value 85fe7935-20b1-4378-9319-cc716ca13539 |ResponseHeader=X-Correlation-Id, CorrelationId=85fe7935-20b1-4378-9319-cc716ca13539, EventId_Id=112, EventId_Name=WritingCorrelationIdResponseHeader, EventId=WritingCorrelationIdResponseHeader
2020-09-06 17:44:52.9485|DEBUG|0HM2IEDL20R17:00000001|Disposing the correlation context for this request |EventId_Id=111, EventId_Name=DisposingCorrelationContext, EventId=DisposingCorrelationContext
2020-09-06 17:44:53.1108|DEBUG|0HM2IEDL20R18:00000001|Running correlation ID processing |EventId_Id=100, EventId_Name=CorrelationIdProcessingBegin, EventId=CorrelationIdProcessingBegin
2020-09-06 17:44:53.1112|INFO |0HM2IEDL20R18:00000001|No correlation ID was found in the request headers |EventId_Id=106, EventId_Name=MissingCorrelationIdHeader, EventId=MissingCorrelationIdHeader
2020-09-06 17:44:53.1112|DEBUG|0HM2IEDL20R17:00000002|Running correlation ID processing |EventId_Id=100, EventId_Name=CorrelationIdProcessingBegin, EventId=CorrelationIdProcessingBegin
2020-09-06 17:44:53.1166|INFO |0HM2IEDL20R17:00000002|No correlation ID was found in the request headers |EventId_Id=106, EventId_Name=MissingCorrelationIdHeader, EventId=MissingCorrelationIdHeader
2020-09-06 17:44:53.1166|DEBUG|0HM2IEDL20R18:00000001|Generated a correlation ID da083d88-0f1e-4d7f-9a0f-264689a0be20 using the CorrelationId.Providers.GuidCorrelationIdProvider provider |CorrelationId=da083d88-0f1e-4d7f-9a0f-264689a0be20, Type=CorrelationId.Providers.GuidCorrelationIdProvider, EventId_Id=108, EventId_Name=GeneratedHeaderUsingProvider, EventId=GeneratedHeaderUsingProvider
2020-09-06 17:44:53.1172|DEBUG|0HM2IEDL20R18:00000001|Creating the correlation context for this request |EventId_Id=110, EventId_Name=CreatingCorrelationContext, EventId=CreatingCorrelationContext
2020-09-06 17:44:53.1166|DEBUG|0HM2IEDL20R17:00000002|Generated a correlation ID 6109b052-f55e-4748-be5a-4846c6b7b945 using the CorrelationId.Providers.GuidCorrelationIdProvider provider |CorrelationId=6109b052-f55e-4748-be5a-4846c6b7b945, Type=CorrelationId.Providers.GuidCorrelationIdProvider, EventId_Id=108, EventId_Name=GeneratedHeaderUsingProvider, EventId=GeneratedHeaderUsingProvider
2020-09-06 17:44:53.1172|DEBUG|0HM2IEDL20R18:00000001|Correlation ID processing was completed with a final correlation ID da083d88-0f1e-4d7f-9a0f-264689a0be20 |CorrelationId=da083d88-0f1e-4d7f-9a0f-264689a0be20, EventId_Id=101, EventId_Name=CorrelationIdProcessingEnd, EventId=CorrelationIdProcessingEnd
2020-09-06 17:44:53.1172|DEBUG|0HM2IEDL20R17:00000002|Creating the correlation context for this request |EventId_Id=110, EventId_Name=CreatingCorrelationContext, EventId=CreatingCorrelationContext
2020-09-06 17:44:53.1172|DEBUG|0HM2IEDL20R17:00000002|Correlation ID processing was completed with a final correlation ID 6109b052-f55e-4748-be5a-4846c6b7b945 |CorrelationId=6109b052-f55e-4748-be5a-4846c6b7b945, EventId_Id=101, EventId_Name=CorrelationIdProcessingEnd, EventId=CorrelationIdProcessingEnd
2020-09-06 17:44:53.1642|DEBUG|0HM2IEDL20R18:00000001|Writing correlation ID response header X-Correlation-Id with value da083d88-0f1e-4d7f-9a0f-264689a0be20 |ResponseHeader=X-Correlation-Id, CorrelationId=da083d88-0f1e-4d7f-9a0f-264689a0be20, EventId_Id=112, EventId_Name=WritingCorrelationIdResponseHeader, EventId=WritingCorrelationIdResponseHeader
2020-09-06 17:44:53.1663|DEBUG|0HM2IEDL20R18:00000001|Disposing the correlation context for this request |EventId_Id=111, EventId_Name=DisposingCorrelationContext, EventId=DisposingCorrelationContext
2020-09-06 17:44:53.2687|DEBUG|0HM2IEDL20R17:00000002|Writing correlation ID response header X-Correlation-Id with value 6109b052-f55e-4748-be5a-4846c6b7b945 |ResponseHeader=X-Correlation-Id, CorrelationId=6109b052-f55e-4748-be5a-4846c6b7b945, EventId_Id=112, EventId_Name=WritingCorrelationIdResponseHeader, EventId=WritingCorrelationIdResponseHeader
2020-09-06 17:44:53.2687|DEBUG|0HM2IEDL20R17:00000002|Disposing the correlation context for this request |EventId_Id=111, EventId_Name=DisposingCorrelationContext, EventId=DisposingCorrelationContext
2020-09-06 17:44:56.4736|DEBUG|0HM2IEDL20R17:00000003|Running correlation ID processing |EventId_Id=100, EventId_Name=CorrelationIdProcessingBegin, EventId=CorrelationIdProcessingBegin
2020-09-06 17:44:56.4756|INFO |0HM2IEDL20R17:00000003|Correlation ID c206ea06-4d1a-42c8-ac7d-ec4f24cd5070 was found in the request headers |CorrelationId=c206ea06-4d1a-42c8-ac7d-ec4f24cd5070, EventId_Id=105, EventId_Name=EnforcedCorrelationIdHeaderMissing, EventId=EnforcedCorrelationIdHeaderMissing
2020-09-06 17:44:56.4805|DEBUG|0HM2IEDL20R17:00000003|Creating the correlation context for this request |EventId_Id=110, EventId_Name=CreatingCorrelationContext, EventId=CreatingCorrelationContext
2020-09-06 17:44:56.4805|DEBUG|0HM2IEDL20R17:00000003|Correlation ID processing was completed with a final correlation ID c206ea06-4d1a-42c8-ac7d-ec4f24cd5070 |CorrelationId=c206ea06-4d1a-42c8-ac7d-ec4f24cd5070, EventId_Id=101, EventId_Name=CorrelationIdProcessingEnd, EventId=CorrelationIdProcessingEnd
2020-09-06 17:46:34.2501|ERROR|0HM2IEDL20R17:00000003|Unable to authenticate using sasl protocol mechanism SCRAM-SHA-256. Unable to authenticate using sasl protocol mechanism SCRAM-SHA-256.|
2020-09-06 17:46:34.2942|DEBUG|0HM2IEDL20R17:00000003|Writing correlation ID response header X-Correlation-Id with value c206ea06-4d1a-42c8-ac7d-ec4f24cd5070 |ResponseHeader=X-Correlation-Id, CorrelationId=c206ea06-4d1a-42c8-ac7d-ec4f24cd5070, EventId_Id=112, EventId_Name=WritingCorrelationIdResponseHeader, EventId=WritingCorrelationIdResponseHeader
2020-09-06 17:46:34.2995|DEBUG|0HM2IEDL20R17:00000003|Disposing the correlation context for this request |EventId_Id=111, EventId_Name=DisposingCorrelationContext, EventId=DisposingCorrelationContext
2020-09-06 17:46:38.0448|DEBUG|0HM2IEDL20R17:00000004|Running correlation ID processing |EventId_Id=100, EventId_Name=CorrelationIdProcessingBegin, EventId=CorrelationIdProcessingBegin
2020-09-06 17:46:38.0462|INFO |0HM2IEDL20R17:00000004|Correlation ID c206ea06-4d1a-42c8-ac7d-ec4f24cd5070 was found in the request headers |CorrelationId=c206ea06-4d1a-42c8-ac7d-ec4f24cd5070, EventId_Id=105, EventId_Name=EnforcedCorrelationIdHeaderMissing, EventId=EnforcedCorrelationIdHeaderMissing
2020-09-06 17:46:38.0516|DEBUG|0HM2IEDL20R17:00000004|Creating the correlation context for this request |EventId_Id=110, EventId_Name=CreatingCorrelationContext, EventId=CreatingCorrelationContext
2020-09-06 17:46:38.0530|DEBUG|0HM2IEDL20R17:00000004|Correlation ID processing was completed with a final correlation ID c206ea06-4d1a-42c8-ac7d-ec4f24cd5070 |CorrelationId=c206ea06-4d1a-42c8-ac7d-ec4f24cd5070, EventId_Id=101, EventId_Name=CorrelationIdProcessingEnd, EventId=CorrelationIdProcessingEnd
2020-09-06 17:54:17.4806|DEBUG||init main |
2020-09-06 17:54:19.4724|WARN ||Instrumentation has not been started because no tracer was registered. |
2020-09-06 17:54:29.5490|DEBUG|0HM2IEJ0TQ9K9:00000001|Running correlation ID processing |EventId_Id=100, EventId_Name=CorrelationIdProcessingBegin, EventId=CorrelationIdProcessingBegin
2020-09-06 17:54:29.5642|INFO |0HM2IEJ0TQ9K9:00000001|No correlation ID was found in the request headers |EventId_Id=106, EventId_Name=MissingCorrelationIdHeader, EventId=MissingCorrelationIdHeader
2020-09-06 17:54:29.5734|DEBUG|0HM2IEJ0TQ9K9:00000001|Generated a correlation ID acded326-1960-4c20-aa87-a44a4b610608 using the CorrelationId.Providers.GuidCorrelationIdProvider provider |CorrelationId=acded326-1960-4c20-aa87-a44a4b610608, Type=CorrelationId.Providers.GuidCorrelationIdProvider, EventId_Id=108, EventId_Name=GeneratedHeaderUsingProvider, EventId=GeneratedHeaderUsingProvider
2020-09-06 17:54:29.5781|DEBUG|0HM2IEJ0TQ9K9:00000001|Creating the correlation context for this request |EventId_Id=110, EventId_Name=CreatingCorrelationContext, EventId=CreatingCorrelationContext
2020-09-06 17:54:29.5936|DEBUG|0HM2IEJ0TQ9K9:00000001|Correlation ID processing was completed with a final correlation ID acded326-1960-4c20-aa87-a44a4b610608 |CorrelationId=acded326-1960-4c20-aa87-a44a4b610608, EventId_Id=101, EventId_Name=CorrelationIdProcessingEnd, EventId=CorrelationIdProcessingEnd
2020-09-06 17:54:29.6399|DEBUG|0HM2IEJ0TQ9K9:00000001|Writing correlation ID response header X-Correlation-Id with value acded326-1960-4c20-aa87-a44a4b610608 |ResponseHeader=X-Correlation-Id, CorrelationId=acded326-1960-4c20-aa87-a44a4b610608, EventId_Id=112, EventId_Name=WritingCorrelationIdResponseHeader, EventId=WritingCorrelationIdResponseHeader
2020-09-06 17:54:29.6602|DEBUG|0HM2IEJ0TQ9K9:00000001|Disposing the correlation context for this request |EventId_Id=111, EventId_Name=DisposingCorrelationContext, EventId=DisposingCorrelationContext
2020-09-06 17:54:29.8480|DEBUG|0HM2IEJ0TQ9K9:00000002|Running correlation ID processing |EventId_Id=100, EventId_Name=CorrelationIdProcessingBegin, EventId=CorrelationIdProcessingBegin
2020-09-06 17:54:29.8492|INFO |0HM2IEJ0TQ9K9:00000002|No correlation ID was found in the request headers |EventId_Id=106, EventId_Name=MissingCorrelationIdHeader, EventId=MissingCorrelationIdHeader
2020-09-06 17:54:29.8505|DEBUG|0HM2IEJ0TQ9KA:00000001|Running correlation ID processing |EventId_Id=100, EventId_Name=CorrelationIdProcessingBegin, EventId=CorrelationIdProcessingBegin
2020-09-06 17:54:29.8538|DEBUG|0HM2IEJ0TQ9K9:00000002|Generated a correlation ID 095c4e8c-58e4-4c06-a176-3e9b2dd5dd23 using the CorrelationId.Providers.GuidCorrelationIdProvider provider |CorrelationId=095c4e8c-58e4-4c06-a176-3e9b2dd5dd23, Type=CorrelationId.Providers.GuidCorrelationIdProvider, EventId_Id=108, EventId_Name=GeneratedHeaderUsingProvider, EventId=GeneratedHeaderUsingProvider
2020-09-06 17:54:29.8538|INFO |0HM2IEJ0TQ9KA:00000001|No correlation ID was found in the request headers |EventId_Id=106, EventId_Name=MissingCorrelationIdHeader, EventId=MissingCorrelationIdHeader
2020-09-06 17:54:29.8545|DEBUG|0HM2IEJ0TQ9K9:00000002|Creating the correlation context for this request |EventId_Id=110, EventId_Name=CreatingCorrelationContext, EventId=CreatingCorrelationContext
2020-09-06 17:54:29.8545|DEBUG|0HM2IEJ0TQ9KA:00000001|Generated a correlation ID 4b613ee1-ab42-44f4-b409-89b0a38a4fdc using the CorrelationId.Providers.GuidCorrelationIdProvider provider |CorrelationId=4b613ee1-ab42-44f4-b409-89b0a38a4fdc, Type=CorrelationId.Providers.GuidCorrelationIdProvider, EventId_Id=108, EventId_Name=GeneratedHeaderUsingProvider, EventId=GeneratedHeaderUsingProvider
2020-09-06 17:54:29.8555|DEBUG|0HM2IEJ0TQ9KA:00000001|Creating the correlation context for this request |EventId_Id=110, EventId_Name=CreatingCorrelationContext, EventId=CreatingCorrelationContext
2020-09-06 17:54:29.8555|DEBUG|0HM2IEJ0TQ9K9:00000002|Correlation ID processing was completed with a final correlation ID 095c4e8c-58e4-4c06-a176-3e9b2dd5dd23 |CorrelationId=095c4e8c-58e4-4c06-a176-3e9b2dd5dd23, EventId_Id=101, EventId_Name=CorrelationIdProcessingEnd, EventId=CorrelationIdProcessingEnd
2020-09-06 17:54:29.8555|DEBUG|0HM2IEJ0TQ9KA:00000001|Correlation ID processing was completed with a final correlation ID 4b613ee1-ab42-44f4-b409-89b0a38a4fdc |CorrelationId=4b613ee1-ab42-44f4-b409-89b0a38a4fdc, EventId_Id=101, EventId_Name=CorrelationIdProcessingEnd, EventId=CorrelationIdProcessingEnd
2020-09-06 17:54:29.8756|DEBUG|0HM2IEJ0TQ9KA:00000001|Writing correlation ID response header X-Correlation-Id with value 4b613ee1-ab42-44f4-b409-89b0a38a4fdc |ResponseHeader=X-Correlation-Id, CorrelationId=4b613ee1-ab42-44f4-b409-89b0a38a4fdc, EventId_Id=112, EventId_Name=WritingCorrelationIdResponseHeader, EventId=WritingCorrelationIdResponseHeader
2020-09-06 17:54:29.8776|DEBUG|0HM2IEJ0TQ9KA:00000001|Disposing the correlation context for this request |EventId_Id=111, EventId_Name=DisposingCorrelationContext, EventId=DisposingCorrelationContext
2020-09-06 17:54:30.0109|DEBUG|0HM2IEJ0TQ9K9:00000002|Writing correlation ID response header X-Correlation-Id with value 095c4e8c-58e4-4c06-a176-3e9b2dd5dd23 |ResponseHeader=X-Correlation-Id, CorrelationId=095c4e8c-58e4-4c06-a176-3e9b2dd5dd23, EventId_Id=112, EventId_Name=WritingCorrelationIdResponseHeader, EventId=WritingCorrelationIdResponseHeader
2020-09-06 17:54:30.0113|DEBUG|0HM2IEJ0TQ9K9:00000002|Disposing the correlation context for this request |EventId_Id=111, EventId_Name=DisposingCorrelationContext, EventId=DisposingCorrelationContext
2020-09-06 17:54:33.8124|DEBUG|0HM2IEJ0TQ9K9:00000003|Running correlation ID processing |EventId_Id=100, EventId_Name=CorrelationIdProcessingBegin, EventId=CorrelationIdProcessingBegin
2020-09-06 17:54:33.8145|INFO |0HM2IEJ0TQ9K9:00000003|Correlation ID a022544f-ff85-49c3-a5fc-2e36ae1f3ec7 was found in the request headers |CorrelationId=a022544f-ff85-49c3-a5fc-2e36ae1f3ec7, EventId_Id=105, EventId_Name=EnforcedCorrelationIdHeaderMissing, EventId=EnforcedCorrelationIdHeaderMissing
2020-09-06 17:54:33.8195|DEBUG|0HM2IEJ0TQ9K9:00000003|Creating the correlation context for this request |EventId_Id=110, EventId_Name=CreatingCorrelationContext, EventId=CreatingCorrelationContext
2020-09-06 17:54:33.8206|DEBUG|0HM2IEJ0TQ9K9:00000003|Correlation ID processing was completed with a final correlation ID a022544f-ff85-49c3-a5fc-2e36ae1f3ec7 |CorrelationId=a022544f-ff85-49c3-a5fc-2e36ae1f3ec7, EventId_Id=101, EventId_Name=CorrelationIdProcessingEnd, EventId=CorrelationIdProcessingEnd
2020-09-06 17:55:44.6568|DEBUG||init main |
2020-09-06 17:55:46.6958|WARN ||Instrumentation has not been started because no tracer was registered. |
2020-09-06 17:55:48.8070|DEBUG|0HM2IEJOHNHFF:00000001|Running correlation ID processing |EventId_Id=100, EventId_Name=CorrelationIdProcessingBegin, EventId=CorrelationIdProcessingBegin
2020-09-06 17:55:48.8191|INFO |0HM2IEJOHNHFF:00000001|Correlation ID a022544f-ff85-49c3-a5fc-2e36ae1f3ec7 was found in the request headers |CorrelationId=a022544f-ff85-49c3-a5fc-2e36ae1f3ec7, EventId_Id=105, EventId_Name=EnforcedCorrelationIdHeaderMissing, EventId=EnforcedCorrelationIdHeaderMissing
2020-09-06 17:55:48.8230|DEBUG|0HM2IEJOHNHFF:00000001|Creating the correlation context for this request |EventId_Id=110, EventId_Name=CreatingCorrelationContext, EventId=CreatingCorrelationContext
2020-09-06 17:55:48.8328|DEBUG|0HM2IEJOHNHFF:00000001|Correlation ID processing was completed with a final correlation ID a022544f-ff85-49c3-a5fc-2e36ae1f3ec7 |CorrelationId=a022544f-ff85-49c3-a5fc-2e36ae1f3ec7, EventId_Id=101, EventId_Name=CorrelationIdProcessingEnd, EventId=CorrelationIdProcessingEnd
2020-09-06 17:57:28.0466|DEBUG||init main |
2020-09-06 17:57:30.0819|WARN ||Instrumentation has not been started because no tracer was registered. |
2020-09-06 17:57:30.7980|DEBUG|0HM2IEKMUCND5:00000001|Running correlation ID processing |EventId_Id=100, EventId_Name=CorrelationIdProcessingBegin, EventId=CorrelationIdProcessingBegin
2020-09-06 17:57:30.8092|INFO |0HM2IEKMUCND5:00000001|Correlation ID a022544f-ff85-49c3-a5fc-2e36ae1f3ec7 was found in the request headers |CorrelationId=a022544f-ff85-49c3-a5fc-2e36ae1f3ec7, EventId_Id=105, EventId_Name=EnforcedCorrelationIdHeaderMissing, EventId=EnforcedCorrelationIdHeaderMissing
2020-09-06 17:57:30.8140|DEBUG|0HM2IEKMUCND5:00000001|Creating the correlation context for this request |EventId_Id=110, EventId_Name=CreatingCorrelationContext, EventId=CreatingCorrelationContext
2020-09-06 17:57:30.8234|DEBUG|0HM2IEKMUCND5:00000001|Correlation ID processing was completed with a final correlation ID a022544f-ff85-49c3-a5fc-2e36ae1f3ec7 |CorrelationId=a022544f-ff85-49c3-a5fc-2e36ae1f3ec7, EventId_Id=101, EventId_Name=CorrelationIdProcessingEnd, EventId=CorrelationIdProcessingEnd
2020-09-06 18:05:14.5458|DEBUG||init main |
2020-09-06 18:05:16.4283|WARN ||Instrumentation has not been started because no tracer was registered. |
2020-09-06 18:05:47.9188|DEBUG|0HM2IEPB3478H:00000001|Running correlation ID processing |EventId_Id=100, EventId_Name=CorrelationIdProcessingBegin, EventId=CorrelationIdProcessingBegin
2020-09-06 18:05:47.9316|INFO |0HM2IEPB3478H:00000001|No correlation ID was found in the request headers |EventId_Id=106, EventId_Name=MissingCorrelationIdHeader, EventId=MissingCorrelationIdHeader
2020-09-06 18:05:47.9358|DEBUG|0HM2IEPB3478H:00000001|Generated a correlation ID ed6eb18f-3373-4574-83dd-d72421a765f3 using the CorrelationId.Providers.GuidCorrelationIdProvider provider |CorrelationId=ed6eb18f-3373-4574-83dd-d72421a765f3, Type=CorrelationId.Providers.GuidCorrelationIdProvider, EventId_Id=108, EventId_Name=GeneratedHeaderUsingProvider, EventId=GeneratedHeaderUsingProvider
2020-09-06 18:05:47.9419|DEBUG|0HM2IEPB3478H:00000001|Creating the correlation context for this request |EventId_Id=110, EventId_Name=CreatingCorrelationContext, EventId=CreatingCorrelationContext
2020-09-06 18:05:47.9553|DEBUG|0HM2IEPB3478H:00000001|Correlation ID processing was completed with a final correlation ID ed6eb18f-3373-4574-83dd-d72421a765f3 |CorrelationId=ed6eb18f-3373-4574-83dd-d72421a765f3, EventId_Id=101, EventId_Name=CorrelationIdProcessingEnd, EventId=CorrelationIdProcessingEnd
2020-09-06 18:05:47.9998|DEBUG|0HM2IEPB3478H:00000001|Writing correlation ID response header X-Correlation-Id with value ed6eb18f-3373-4574-83dd-d72421a765f3 |ResponseHeader=X-Correlation-Id, CorrelationId=ed6eb18f-3373-4574-83dd-d72421a765f3, EventId_Id=112, EventId_Name=WritingCorrelationIdResponseHeader, EventId=WritingCorrelationIdResponseHeader
2020-09-06 18:05:48.0149|DEBUG|0HM2IEPB3478H:00000001|Disposing the correlation context for this request |EventId_Id=111, EventId_Name=DisposingCorrelationContext, EventId=DisposingCorrelationContext
2020-09-06 18:05:48.2308|DEBUG|0HM2IEPB3478H:00000002|Running correlation ID processing |EventId_Id=100, EventId_Name=CorrelationIdProcessingBegin, EventId=CorrelationIdProcessingBegin
2020-09-06 18:05:48.2308|INFO |0HM2IEPB3478H:00000002|No correlation ID was found in the request headers |EventId_Id=106, EventId_Name=MissingCorrelationIdHeader, EventId=MissingCorrelationIdHeader
2020-09-06 18:05:48.2370|DEBUG|0HM2IEPB3478H:00000002|Generated a correlation ID ac04eb69-74bb-4aa2-8ca7-2d1717023d7f using the CorrelationId.Providers.GuidCorrelationIdProvider provider |CorrelationId=ac04eb69-74bb-4aa2-8ca7-2d1717023d7f, Type=CorrelationId.Providers.GuidCorrelationIdProvider, EventId_Id=108, EventId_Name=GeneratedHeaderUsingProvider, EventId=GeneratedHeaderUsingProvider
2020-09-06 18:05:48.2370|DEBUG|0HM2IEPB3478H:00000002|Creating the correlation context for this request |EventId_Id=110, EventId_Name=CreatingCorrelationContext, EventId=CreatingCorrelationContext
2020-09-06 18:05:48.2370|DEBUG|0HM2IEPB3478H:00000002|Correlation ID processing was completed with a final correlation ID ac04eb69-74bb-4aa2-8ca7-2d1717023d7f |CorrelationId=ac04eb69-74bb-4aa2-8ca7-2d1717023d7f, EventId_Id=101, EventId_Name=CorrelationIdProcessingEnd, EventId=CorrelationIdProcessingEnd
2020-09-06 18:05:48.3482|DEBUG|0HM2IEPB3478H:00000002|Writing correlation ID response header X-Correlation-Id with value ac04eb69-74bb-4aa2-8ca7-2d1717023d7f |ResponseHeader=X-Correlation-Id, CorrelationId=ac04eb69-74bb-4aa2-8ca7-2d1717023d7f, EventId_Id=112, EventId_Name=WritingCorrelationIdResponseHeader, EventId=WritingCorrelationIdResponseHeader
2020-09-06 18:05:48.3482|DEBUG|0HM2IEPB3478H:00000002|Disposing the correlation context for this request |EventId_Id=111, EventId_Name=DisposingCorrelationContext, EventId=DisposingCorrelationContext
2020-09-06 18:05:52.5008|DEBUG|0HM2IEPB3478H:00000003|Running correlation ID processing |EventId_Id=100, EventId_Name=CorrelationIdProcessingBegin, EventId=CorrelationIdProcessingBegin
2020-09-06 18:05:52.5029|INFO |0HM2IEPB3478H:00000003|Correlation ID 3c07cf81-e93a-4af7-8e01-9c6228b3e30e was found in the request headers |CorrelationId=3c07cf81-e93a-4af7-8e01-9c6228b3e30e, EventId_Id=105, EventId_Name=EnforcedCorrelationIdHeaderMissing, EventId=EnforcedCorrelationIdHeaderMissing
2020-09-06 18:05:52.5078|DEBUG|0HM2IEPB3478H:00000003|Creating the correlation context for this request |EventId_Id=110, EventId_Name=CreatingCorrelationContext, EventId=CreatingCorrelationContext
2020-09-06 18:05:52.5089|DEBUG|0HM2IEPB3478H:00000003|Correlation ID processing was completed with a final correlation ID 3c07cf81-e93a-4af7-8e01-9c6228b3e30e |CorrelationId=3c07cf81-e93a-4af7-8e01-9c6228b3e30e, EventId_Id=101, EventId_Name=CorrelationIdProcessingEnd, EventId=CorrelationIdProcessingEnd
2020-09-06 18:09:46.5497|DEBUG||init main |
2020-09-06 18:09:48.8894|WARN ||Instrumentation has not been started because no tracer was registered. |
2020-09-06 18:09:53.3158|DEBUG|0HM2IERK7GIIR:00000001|Running correlation ID processing |EventId_Id=100, EventId_Name=CorrelationIdProcessingBegin, EventId=CorrelationIdProcessingBegin
2020-09-06 18:09:53.3302|INFO |0HM2IERK7GIIR:00000001|Correlation ID 3c07cf81-e93a-4af7-8e01-9c6228b3e30e was found in the request headers |CorrelationId=3c07cf81-e93a-4af7-8e01-9c6228b3e30e, EventId_Id=105, EventId_Name=EnforcedCorrelationIdHeaderMissing, EventId=EnforcedCorrelationIdHeaderMissing
2020-09-06 18:09:53.3357|DEBUG|0HM2IERK7GIIR:00000001|Creating the correlation context for this request |EventId_Id=110, EventId_Name=CreatingCorrelationContext, EventId=CreatingCorrelationContext
2020-09-06 18:09:53.3469|DEBUG|0HM2IERK7GIIR:00000001|Correlation ID processing was completed with a final correlation ID 3c07cf81-e93a-4af7-8e01-9c6228b3e30e |CorrelationId=3c07cf81-e93a-4af7-8e01-9c6228b3e30e, EventId_Id=101, EventId_Name=CorrelationIdProcessingEnd, EventId=CorrelationIdProcessingEnd
2020-09-06 18:11:16.8932|DEBUG||init main |
2020-09-06 18:11:18.9561|WARN ||Instrumentation has not been started because no tracer was registered. |
2020-09-06 18:11:21.4865|DEBUG|0HM2IESEGE9EV:00000001|Running correlation ID processing |EventId_Id=100, EventId_Name=CorrelationIdProcessingBegin, EventId=CorrelationIdProcessingBegin
2020-09-06 18:11:21.4991|INFO |0HM2IESEGE9EV:00000001|Correlation ID 3c07cf81-e93a-4af7-8e01-9c6228b3e30e was found in the request headers |CorrelationId=3c07cf81-e93a-4af7-8e01-9c6228b3e30e, EventId_Id=105, EventId_Name=EnforcedCorrelationIdHeaderMissing, EventId=EnforcedCorrelationIdHeaderMissing
2020-09-06 18:11:21.5029|DEBUG|0HM2IESEGE9EV:00000001|Creating the correlation context for this request |EventId_Id=110, EventId_Name=CreatingCorrelationContext, EventId=CreatingCorrelationContext
2020-09-06 18:11:21.5149|DEBUG|0HM2IESEGE9EV:00000001|Correlation ID processing was completed with a final correlation ID 3c07cf81-e93a-4af7-8e01-9c6228b3e30e |CorrelationId=3c07cf81-e93a-4af7-8e01-9c6228b3e30e, EventId_Id=101, EventId_Name=CorrelationIdProcessingEnd, EventId=CorrelationIdProcessingEnd
2020-09-06 18:11:28.9303|DEBUG|0HM2IESEGE9EV:00000001|Writing correlation ID response header X-Correlation-Id with value 3c07cf81-e93a-4af7-8e01-9c6228b3e30e |ResponseHeader=X-Correlation-Id, CorrelationId=3c07cf81-e93a-4af7-8e01-9c6228b3e30e, EventId_Id=112, EventId_Name=WritingCorrelationIdResponseHeader, EventId=WritingCorrelationIdResponseHeader
2020-09-06 18:11:28.9505|DEBUG|0HM2IESEGE9EV:00000001|Disposing the correlation context for this request |EventId_Id=111, EventId_Name=DisposingCorrelationContext, EventId=DisposingCorrelationContext
2020-09-06 18:11:51.6224|DEBUG|0HM2IESEGE9EV:00000002|Running correlation ID processing |EventId_Id=100, EventId_Name=CorrelationIdProcessingBegin, EventId=CorrelationIdProcessingBegin
2020-09-06 18:11:51.6235|INFO |0HM2IESEGE9EV:00000002|Correlation ID 2af96c73-68fa-480c-9ae1-5dc87e679e21 was found in the request headers |CorrelationId=2af96c73-68fa-480c-9ae1-5dc87e679e21, EventId_Id=105, EventId_Name=EnforcedCorrelationIdHeaderMissing, EventId=EnforcedCorrelationIdHeaderMissing
2020-09-06 18:11:51.6239|DEBUG|0HM2IESEGE9EV:00000002|Creating the correlation context for this request |EventId_Id=110, EventId_Name=CreatingCorrelationContext, EventId=CreatingCorrelationContext
2020-09-06 18:11:51.6239|DEBUG|0HM2IESEGE9EV:00000002|Correlation ID processing was completed with a final correlation ID 2af96c73-68fa-480c-9ae1-5dc87e679e21 |CorrelationId=2af96c73-68fa-480c-9ae1-5dc87e679e21, EventId_Id=101, EventId_Name=CorrelationIdProcessingEnd, EventId=CorrelationIdProcessingEnd
2020-09-06 18:11:52.3924|ERROR|0HM2IESEGE9EV:00000002|Something bad happened!!! Object reference not set to an instance of an object.|
2020-09-06 18:11:52.4385|DEBUG|0HM2IESEGE9EV:00000002|Writing correlation ID response header X-Correlation-Id with value 2af96c73-68fa-480c-9ae1-5dc87e679e21 |ResponseHeader=X-Correlation-Id, CorrelationId=2af96c73-68fa-480c-9ae1-5dc87e679e21, EventId_Id=112, EventId_Name=WritingCorrelationIdResponseHeader, EventId=WritingCorrelationIdResponseHeader
2020-09-06 18:11:52.4415|DEBUG|0HM2IESEGE9EV:00000002|Disposing the correlation context for this request |EventId_Id=111, EventId_Name=DisposingCorrelationContext, EventId=DisposingCorrelationContext
2020-09-06 18:12:06.4614|DEBUG|0HM2IESEGE9EV:00000003|Running correlation ID processing |EventId_Id=100, EventId_Name=CorrelationIdProcessingBegin, EventId=CorrelationIdProcessingBegin
2020-09-06 18:12:06.4630|INFO |0HM2IESEGE9EV:00000003|Correlation ID 2af96c73-68fa-480c-9ae1-5dc87e679e21 was found in the request headers |CorrelationId=2af96c73-68fa-480c-9ae1-5dc87e679e21, EventId_Id=105, EventId_Name=EnforcedCorrelationIdHeaderMissing, EventId=EnforcedCorrelationIdHeaderMissing
2020-09-06 18:12:06.4639|DEBUG|0HM2IESEGE9EV:00000003|Creating the correlation context for this request |EventId_Id=110, EventId_Name=CreatingCorrelationContext, EventId=CreatingCorrelationContext
2020-09-06 18:12:06.4649|DEBUG|0HM2IESEGE9EV:00000003|Correlation ID processing was completed with a final correlation ID 2af96c73-68fa-480c-9ae1-5dc87e679e21 |CorrelationId=2af96c73-68fa-480c-9ae1-5dc87e679e21, EventId_Id=101, EventId_Name=CorrelationIdProcessingEnd, EventId=CorrelationIdProcessingEnd
2020-09-06 18:13:51.5990|DEBUG||init main |
2020-09-06 18:13:53.5028|WARN ||Instrumentation has not been started because no tracer was registered. |
2020-09-06 18:14:00.9134|DEBUG|0HM2IETU0NNOD:00000001|Running correlation ID processing |EventId_Id=100, EventId_Name=CorrelationIdProcessingBegin, EventId=CorrelationIdProcessingBegin
2020-09-06 18:14:00.9275|INFO |0HM2IETU0NNOD:00000001|Correlation ID 2af96c73-68fa-480c-9ae1-5dc87e679e21 was found in the request headers |CorrelationId=2af96c73-68fa-480c-9ae1-5dc87e679e21, EventId_Id=105, EventId_Name=EnforcedCorrelationIdHeaderMissing, EventId=EnforcedCorrelationIdHeaderMissing
2020-09-06 18:14:00.9319|DEBUG|0HM2IETU0NNOD:00000001|Creating the correlation context for this request |EventId_Id=110, EventId_Name=CreatingCorrelationContext, EventId=CreatingCorrelationContext
2020-09-06 18:14:00.9431|DEBUG|0HM2IETU0NNOD:00000001|Correlation ID processing was completed with a final correlation ID 2af96c73-68fa-480c-9ae1-5dc87e679e21 |CorrelationId=2af96c73-68fa-480c-9ae1-5dc87e679e21, EventId_Id=101, EventId_Name=CorrelationIdProcessingEnd, EventId=CorrelationIdProcessingEnd
2020-09-06 18:14:17.9769|DEBUG|0HM2IETU0NNOD:00000001|Writing correlation ID response header X-Correlation-Id with value 2af96c73-68fa-480c-9ae1-5dc87e679e21 |ResponseHeader=X-Correlation-Id, CorrelationId=2af96c73-68fa-480c-9ae1-5dc87e679e21, EventId_Id=112, EventId_Name=WritingCorrelationIdResponseHeader, EventId=WritingCorrelationIdResponseHeader
2020-09-06 18:14:17.9874|DEBUG|0HM2IETU0NNOD:00000001|Disposing the correlation context for this request |EventId_Id=111, EventId_Name=DisposingCorrelationContext, EventId=DisposingCorrelationContext
2020-09-06 18:35:48.2427|DEBUG||init main |
2020-09-06 18:35:51.3527|WARN ||Instrumentation has not been started because no tracer was registered. |
2020-09-06 18:36:09.7923|DEBUG|0HM2IFAA1S52L:00000001|Running correlation ID processing |EventId_Id=100, EventId_Name=CorrelationIdProcessingBegin, EventId=CorrelationIdProcessingBegin
2020-09-06 18:36:09.8044|INFO |0HM2IFAA1S52L:00000001|Correlation ID 2af96c73-68fa-480c-9ae1-5dc87e679e21 was found in the request headers |CorrelationId=2af96c73-68fa-480c-9ae1-5dc87e679e21, EventId_Id=105, EventId_Name=EnforcedCorrelationIdHeaderMissing, EventId=EnforcedCorrelationIdHeaderMissing
2020-09-06 18:36:09.8081|DEBUG|0HM2IFAA1S52L:00000001|Creating the correlation context for this request |EventId_Id=110, EventId_Name=CreatingCorrelationContext, EventId=CreatingCorrelationContext
2020-09-06 18:36:09.8186|DEBUG|0HM2IFAA1S52L:00000001|Correlation ID processing was completed with a final correlation ID 2af96c73-68fa-480c-9ae1-5dc87e679e21 |CorrelationId=2af96c73-68fa-480c-9ae1-5dc87e679e21, EventId_Id=101, EventId_Name=CorrelationIdProcessingEnd, EventId=CorrelationIdProcessingEnd
2020-09-06 18:36:19.7131|ERROR|0HM2IFAA1S52L:00000001|GetCustomerOpenBasketAsync error occured. Error: An error occurred while deserializing the Items property of class Basket.API.Models.Domain.Cart: Element '_id' does not match any field or property of class Basket.API.Models.Domain.CartItem. |
2020-09-06 18:36:53.6947|DEBUG||init main |
2020-09-06 18:36:55.3727|WARN ||Instrumentation has not been started because no tracer was registered. |
2020-09-06 18:36:59.0790|DEBUG|0HM2IFAOO128L:00000001|Running correlation ID processing |EventId_Id=100, EventId_Name=CorrelationIdProcessingBegin, EventId=CorrelationIdProcessingBegin
2020-09-06 18:36:59.0879|INFO |0HM2IFAOO128L:00000001|No correlation ID was found in the request headers |EventId_Id=106, EventId_Name=MissingCorrelationIdHeader, EventId=MissingCorrelationIdHeader
2020-09-06 18:36:59.0929|DEBUG|0HM2IFAOO128L:00000001|Generated a correlation ID c9ca4fd2-d3c4-4169-99bd-8bbf9e88cebe using the CorrelationId.Providers.GuidCorrelationIdProvider provider |CorrelationId=c9ca4fd2-d3c4-4169-99bd-8bbf9e88cebe, Type=CorrelationId.Providers.GuidCorrelationIdProvider, EventId_Id=108, EventId_Name=GeneratedHeaderUsingProvider, EventId=GeneratedHeaderUsingProvider
2020-09-06 18:36:59.0986|DEBUG|0HM2IFAOO128L:00000001|Creating the correlation context for this request |EventId_Id=110, EventId_Name=CreatingCorrelationContext, EventId=CreatingCorrelationContext
2020-09-06 18:36:59.1139|DEBUG|0HM2IFAOO128L:00000001|Correlation ID processing was completed with a final correlation ID c9ca4fd2-d3c4-4169-99bd-8bbf9e88cebe |CorrelationId=c9ca4fd2-d3c4-4169-99bd-8bbf9e88cebe, EventId_Id=101, EventId_Name=CorrelationIdProcessingEnd, EventId=CorrelationIdProcessingEnd
2020-09-06 18:36:59.1731|DEBUG|0HM2IFAOO128L:00000001|Writing correlation ID response header X-Correlation-Id with value c9ca4fd2-d3c4-4169-99bd-8bbf9e88cebe |ResponseHeader=X-Correlation-Id, CorrelationId=c9ca4fd2-d3c4-4169-99bd-8bbf9e88cebe, EventId_Id=112, EventId_Name=WritingCorrelationIdResponseHeader, EventId=WritingCorrelationIdResponseHeader
2020-09-06 18:36:59.1947|DEBUG|0HM2IFAOO128L:00000001|Disposing the correlation context for this request |EventId_Id=111, EventId_Name=DisposingCorrelationContext, EventId=DisposingCorrelationContext
2020-09-06 18:36:59.3983|DEBUG|0HM2IFAOO128L:00000002|Running correlation ID processing |EventId_Id=100, EventId_Name=CorrelationIdProcessingBegin, EventId=CorrelationIdProcessingBegin
2020-09-06 18:36:59.3990|INFO |0HM2IFAOO128L:00000002|No correlation ID was found in the request headers |EventId_Id=106, EventId_Name=MissingCorrelationIdHeader, EventId=MissingCorrelationIdHeader
2020-09-06 18:36:59.3990|DEBUG|0HM2IFAOO128L:00000002|Generated a correlation ID 93dadc1e-6f57-4405-ad8b-aac8c92cc522 using the CorrelationId.Providers.GuidCorrelationIdProvider provider |CorrelationId=93dadc1e-6f57-4405-ad8b-aac8c92cc522, Type=CorrelationId.Providers.GuidCorrelationIdProvider, EventId_Id=108, EventId_Name=GeneratedHeaderUsingProvider, EventId=GeneratedHeaderUsingProvider
2020-09-06 18:36:59.3990|DEBUG|0HM2IFAOO128L:00000002|Creating the correlation context for this request |EventId_Id=110, EventId_Name=CreatingCorrelationContext, EventId=CreatingCorrelationContext
2020-09-06 18:36:59.3990|DEBUG|0HM2IFAOO128L:00000002|Correlation ID processing was completed with a final correlation ID 93dadc1e-6f57-4405-ad8b-aac8c92cc522 |CorrelationId=93dadc1e-6f57-4405-ad8b-aac8c92cc522, EventId_Id=101, EventId_Name=CorrelationIdProcessingEnd, EventId=CorrelationIdProcessingEnd
2020-09-06 18:36:59.5079|DEBUG|0HM2IFAOO128L:00000002|Writing correlation ID response header X-Correlation-Id with value 93dadc1e-6f57-4405-ad8b-aac8c92cc522 |ResponseHeader=X-Correlation-Id, CorrelationId=93dadc1e-6f57-4405-ad8b-aac8c92cc522, EventId_Id=112, EventId_Name=WritingCorrelationIdResponseHeader, EventId=WritingCorrelationIdResponseHeader
2020-09-06 18:36:59.5085|DEBUG|0HM2IFAOO128L:00000002|Disposing the correlation context for this request |EventId_Id=111, EventId_Name=DisposingCorrelationContext, EventId=DisposingCorrelationContext
2020-09-06 18:37:05.2162|DEBUG|0HM2IFAOO128L:00000003|Running correlation ID processing |EventId_Id=100, EventId_Name=CorrelationIdProcessingBegin, EventId=CorrelationIdProcessingBegin
2020-09-06 18:37:05.2411|INFO |0HM2IFAOO128L:00000003|Correlation ID 94969157-4b69-4d64-aa10-c5d23d2f6f65 was found in the request headers |CorrelationId=94969157-4b69-4d64-aa10-c5d23d2f6f65, EventId_Id=105, EventId_Name=EnforcedCorrelationIdHeaderMissing, EventId=EnforcedCorrelationIdHeaderMissing
2020-09-06 18:37:05.2411|DEBUG|0HM2IFAOO128L:00000003|Creating the correlation context for this request |EventId_Id=110, EventId_Name=CreatingCorrelationContext, EventId=CreatingCorrelationContext
2020-09-06 18:37:05.2411|DEBUG|0HM2IFAOO128L:00000003|Correlation ID processing was completed with a final correlation ID 94969157-4b69-4d64-aa10-c5d23d2f6f65 |CorrelationId=94969157-4b69-4d64-aa10-c5d23d2f6f65, EventId_Id=101, EventId_Name=CorrelationIdProcessingEnd, EventId=CorrelationIdProcessingEnd
2020-09-06 18:37:10.7469|ERROR|0HM2IFAOO128L:00000003|GetCustomerOpenBasketAsync error occured. Error: An error occurred while deserializing the Items property of class Basket.API.Models.Domain.Cart: Element '_id' does not match any field or property of class Basket.API.Models.Domain.CartItem. |
2020-09-06 18:37:21.5411|DEBUG|0HM2IFAOO128L:00000003|Writing correlation ID response header X-Correlation-Id with value 94969157-4b69-4d64-aa10-c5d23d2f6f65 |ResponseHeader=X-Correlation-Id, CorrelationId=94969157-4b69-4d64-aa10-c5d23d2f6f65, EventId_Id=112, EventId_Name=WritingCorrelationIdResponseHeader, EventId=WritingCorrelationIdResponseHeader
2020-09-06 18:37:21.5482|DEBUG|0HM2IFAOO128L:00000003|Disposing the correlation context for this request |EventId_Id=111, EventId_Name=DisposingCorrelationContext, EventId=DisposingCorrelationContext
2020-09-06 18:37:24.6630|DEBUG|0HM2IFAOO128L:00000004|Running correlation ID processing |EventId_Id=100, EventId_Name=CorrelationIdProcessingBegin, EventId=CorrelationIdProcessingBegin
2020-09-06 18:37:24.6649|INFO |0HM2IFAOO128L:00000004|Correlation ID 94969157-4b69-4d64-aa10-c5d23d2f6f65 was found in the request headers |CorrelationId=94969157-4b69-4d64-aa10-c5d23d2f6f65, EventId_Id=105, EventId_Name=EnforcedCorrelationIdHeaderMissing, EventId=EnforcedCorrelationIdHeaderMissing
2020-09-06 18:37:24.6696|DEBUG|0HM2IFAOO128L:00000004|Creating the correlation context for this request |EventId_Id=110, EventId_Name=CreatingCorrelationContext, EventId=CreatingCorrelationContext
2020-09-06 18:37:24.6735|DEBUG|0HM2IFAOO128L:00000004|Correlation ID processing was completed with a final correlation ID 94969157-4b69-4d64-aa10-c5d23d2f6f65 |CorrelationId=94969157-4b69-4d64-aa10-c5d23d2f6f65, EventId_Id=101, EventId_Name=CorrelationIdProcessingEnd, EventId=CorrelationIdProcessingEnd
2020-09-06 18:37:27.6887|ERROR|0HM2IFAOO128L:00000004|GetCustomerOpenBasketAsync error occured. Error: An error occurred while deserializing the Items property of class Basket.API.Models.Domain.Cart: Element '_id' does not match any field or property of class Basket.API.Models.Domain.CartItem. |
2020-09-06 18:37:39.6764|DEBUG|0HM2IFAOO128L:00000004|Writing correlation ID response header X-Correlation-Id with value 94969157-4b69-4d64-aa10-c5d23d2f6f65 |ResponseHeader=X-Correlation-Id, CorrelationId=94969157-4b69-4d64-aa10-c5d23d2f6f65, EventId_Id=112, EventId_Name=WritingCorrelationIdResponseHeader, EventId=WritingCorrelationIdResponseHeader
2020-09-06 18:37:39.6826|DEBUG|0HM2IFAOO128L:00000004|Disposing the correlation context for this request |EventId_Id=111, EventId_Name=DisposingCorrelationContext, EventId=DisposingCorrelationContext
2020-09-06 18:38:08.5200|DEBUG|0HM2IFAOO128L:00000005|Running correlation ID processing |EventId_Id=100, EventId_Name=CorrelationIdProcessingBegin, EventId=CorrelationIdProcessingBegin
2020-09-06 18:38:08.5211|INFO |0HM2IFAOO128L:00000005|Correlation ID 94969157-4b69-4d64-aa10-c5d23d2f6f65 was found in the request headers |CorrelationId=94969157-4b69-4d64-aa10-c5d23d2f6f65, EventId_Id=105, EventId_Name=EnforcedCorrelationIdHeaderMissing, EventId=EnforcedCorrelationIdHeaderMissing
2020-09-06 18:38:08.5263|DEBUG|0HM2IFAOO128L:00000005|Creating the correlation context for this request |EventId_Id=110, EventId_Name=CreatingCorrelationContext, EventId=CreatingCorrelationContext
2020-09-06 18:38:08.5280|DEBUG|0HM2IFAOO128L:00000005|Correlation ID processing was completed with a final correlation ID 94969157-4b69-4d64-aa10-c5d23d2f6f65 |CorrelationId=94969157-4b69-4d64-aa10-c5d23d2f6f65, EventId_Id=101, EventId_Name=CorrelationIdProcessingEnd, EventId=CorrelationIdProcessingEnd
2020-09-06 18:38:25.0180|DEBUG|0HM2IFAOO128L:00000005|Writing correlation ID response header X-Correlation-Id with value 94969157-4b69-4d64-aa10-c5d23d2f6f65 |ResponseHeader=X-Correlation-Id, CorrelationId=94969157-4b69-4d64-aa10-c5d23d2f6f65, EventId_Id=112, EventId_Name=WritingCorrelationIdResponseHeader, EventId=WritingCorrelationIdResponseHeader
2020-09-06 18:38:25.0198|DEBUG|0HM2IFAOO128L:00000005|Disposing the correlation context for this request |EventId_Id=111, EventId_Name=DisposingCorrelationContext, EventId=DisposingCorrelationContext
2020-09-06 18:39:11.3815|DEBUG|0HM2IFAOO128L:00000006|Running correlation ID processing |EventId_Id=100, EventId_Name=CorrelationIdProcessingBegin, EventId=CorrelationIdProcessingBegin
2020-09-06 18:39:11.3878|INFO |0HM2IFAOO128L:00000006|Correlation ID 94969157-4b69-4d64-aa10-c5d23d2f6f65 was found in the request headers |CorrelationId=94969157-4b69-4d64-aa10-c5d23d2f6f65, EventId_Id=105, EventId_Name=EnforcedCorrelationIdHeaderMissing, EventId=EnforcedCorrelationIdHeaderMissing
2020-09-06 18:39:11.3888|DEBUG|0HM2IFAOO128L:00000006|Creating the correlation context for this request |EventId_Id=110, EventId_Name=CreatingCorrelationContext, EventId=CreatingCorrelationContext
2020-09-06 18:39:11.3900|DEBUG|0HM2IFAOO128L:00000006|Correlation ID processing was completed with a final correlation ID 94969157-4b69-4d64-aa10-c5d23d2f6f65 |CorrelationId=94969157-4b69-4d64-aa10-c5d23d2f6f65, EventId_Id=101, EventId_Name=CorrelationIdProcessingEnd, EventId=CorrelationIdProcessingEnd
2020-09-06 18:40:12.6532|DEBUG||init main |
2020-09-06 18:40:15.4468|WARN ||Instrumentation has not been started because no tracer was registered. |
2020-09-06 18:40:18.4741|DEBUG|0HM2IFCK5HUUV:00000001|Running correlation ID processing |EventId_Id=100, EventId_Name=CorrelationIdProcessingBegin, EventId=CorrelationIdProcessingBegin
2020-09-06 18:40:18.4861|INFO |0HM2IFCK5HUUV:00000001|Correlation ID 94969157-4b69-4d64-aa10-c5d23d2f6f65 was found in the request headers |CorrelationId=94969157-4b69-4d64-aa10-c5d23d2f6f65, EventId_Id=105, EventId_Name=EnforcedCorrelationIdHeaderMissing, EventId=EnforcedCorrelationIdHeaderMissing
2020-09-06 18:40:18.4905|DEBUG|0HM2IFCK5HUUV:00000001|Creating the correlation context for this request |EventId_Id=110, EventId_Name=CreatingCorrelationContext, EventId=CreatingCorrelationContext
2020-09-06 18:40:18.5008|DEBUG|0HM2IFCK5HUUV:00000001|Correlation ID processing was completed with a final correlation ID 94969157-4b69-4d64-aa10-c5d23d2f6f65 |CorrelationId=94969157-4b69-4d64-aa10-c5d23d2f6f65, EventId_Id=101, EventId_Name=CorrelationIdProcessingEnd, EventId=CorrelationIdProcessingEnd
2020-09-06 18:40:33.2104|DEBUG|0HM2IFCK5HUUV:00000001|Writing correlation ID response header X-Correlation-Id with value 94969157-4b69-4d64-aa10-c5d23d2f6f65 |ResponseHeader=X-Correlation-Id, CorrelationId=94969157-4b69-4d64-aa10-c5d23d2f6f65, EventId_Id=112, EventId_Name=WritingCorrelationIdResponseHeader, EventId=WritingCorrelationIdResponseHeader
2020-09-06 18:40:33.2243|DEBUG|0HM2IFCK5HUUV:00000001|Disposing the correlation context for this request |EventId_Id=111, EventId_Name=DisposingCorrelationContext, EventId=DisposingCorrelationContext
2020-09-06 21:26:41.0200|DEBUG||init main |
2020-09-06 21:26:42.8943|WARN ||Instrumentation has not been started because no tracer was registered. |
2020-09-06 21:26:52.3327|DEBUG|0HM2II9MIEL8L:00000001|Running correlation ID processing |EventId_Id=100, EventId_Name=CorrelationIdProcessingBegin, EventId=CorrelationIdProcessingBegin
2020-09-06 21:26:52.3471|INFO |0HM2II9MIEL8L:00000001|No correlation ID was found in the request headers |EventId_Id=106, EventId_Name=MissingCorrelationIdHeader, EventId=MissingCorrelationIdHeader
2020-09-06 21:26:52.3501|DEBUG|0HM2II9MIEL8L:00000001|Generated a correlation ID fb0fd2d3-21a4-4549-b4eb-0ec9bcc4749f using the CorrelationId.Providers.GuidCorrelationIdProvider provider |CorrelationId=fb0fd2d3-21a4-4549-b4eb-0ec9bcc4749f, Type=CorrelationId.Providers.GuidCorrelationIdProvider, EventId_Id=108, EventId_Name=GeneratedHeaderUsingProvider, EventId=GeneratedHeaderUsingProvider
2020-09-06 21:26:52.3562|DEBUG|0HM2II9MIEL8L:00000001|Creating the correlation context for this request |EventId_Id=110, EventId_Name=CreatingCorrelationContext, EventId=CreatingCorrelationContext
2020-09-06 21:26:52.3759|DEBUG|0HM2II9MIEL8L:00000001|Correlation ID processing was completed with a final correlation ID fb0fd2d3-21a4-4549-b4eb-0ec9bcc4749f |CorrelationId=fb0fd2d3-21a4-4549-b4eb-0ec9bcc4749f, EventId_Id=101, EventId_Name=CorrelationIdProcessingEnd, EventId=CorrelationIdProcessingEnd
2020-09-06 21:26:52.4332|DEBUG|0HM2II9MIEL8L:00000001|Writing correlation ID response header X-Correlation-Id with value fb0fd2d3-21a4-4549-b4eb-0ec9bcc4749f |ResponseHeader=X-Correlation-Id, CorrelationId=fb0fd2d3-21a4-4549-b4eb-0ec9bcc4749f, EventId_Id=112, EventId_Name=WritingCorrelationIdResponseHeader, EventId=WritingCorrelationIdResponseHeader
2020-09-06 21:26:52.4511|DEBUG|0HM2II9MIEL8L:00000001|Disposing the correlation context for this request |EventId_Id=111, EventId_Name=DisposingCorrelationContext, EventId=DisposingCorrelationContext
2020-09-06 21:26:52.6673|DEBUG|0HM2II9MIEL8M:00000001|Running correlation ID processing |EventId_Id=100, EventId_Name=CorrelationIdProcessingBegin, EventId=CorrelationIdProcessingBegin
2020-09-06 21:26:52.6676|INFO |0HM2II9MIEL8M:00000001|No correlation ID was found in the request headers |EventId_Id=106, EventId_Name=MissingCorrelationIdHeader, EventId=MissingCorrelationIdHeader
2020-09-06 21:26:52.6676|DEBUG|0HM2II9MIEL8M:00000001|Generated a correlation ID 2743b954-5523-46ac-883a-ffe24766a0cd using the CorrelationId.Providers.GuidCorrelationIdProvider provider |CorrelationId=2743b954-5523-46ac-883a-ffe24766a0cd, Type=CorrelationId.Providers.GuidCorrelationIdProvider, EventId_Id=108, EventId_Name=GeneratedHeaderUsingProvider, EventId=GeneratedHeaderUsingProvider
2020-09-06 21:26:52.6676|DEBUG|0HM2II9MIEL8M:00000001|Creating the correlation context for this request |EventId_Id=110, EventId_Name=CreatingCorrelationContext, EventId=CreatingCorrelationContext
2020-09-06 21:26:52.6676|DEBUG|0HM2II9MIEL8L:00000002|Running correlation ID processing |EventId_Id=100, EventId_Name=CorrelationIdProcessingBegin, EventId=CorrelationIdProcessingBegin
2020-09-06 21:26:52.6676|DEBUG|0HM2II9MIEL8M:00000001|Correlation ID processing was completed with a final correlation ID 2743b954-5523-46ac-883a-ffe24766a0cd |CorrelationId=2743b954-5523-46ac-883a-ffe24766a0cd, EventId_Id=101, EventId_Name=CorrelationIdProcessingEnd, EventId=CorrelationIdProcessingEnd
2020-09-06 21:26:52.6676|INFO |0HM2II9MIEL8L:00000002|No correlation ID was found in the request headers |EventId_Id=106, EventId_Name=MissingCorrelationIdHeader, EventId=MissingCorrelationIdHeader
2020-09-06 21:26:52.6687|DEBUG|0HM2II9MIEL8L:00000002|Generated a correlation ID b84e7cdc-9d23-43ef-8dae-2fda784fea6d using the CorrelationId.Providers.GuidCorrelationIdProvider provider |CorrelationId=b84e7cdc-9d23-43ef-8dae-2fda784fea6d, Type=CorrelationId.Providers.GuidCorrelationIdProvider, EventId_Id=108, EventId_Name=GeneratedHeaderUsingProvider, EventId=GeneratedHeaderUsingProvider
2020-09-06 21:26:52.6687|DEBUG|0HM2II9MIEL8L:00000002|Creating the correlation context for this request |EventId_Id=110, EventId_Name=CreatingCorrelationContext, EventId=CreatingCorrelationContext
2020-09-06 21:26:52.6687|DEBUG|0HM2II9MIEL8L:00000002|Correlation ID processing was completed with a final correlation ID b84e7cdc-9d23-43ef-8dae-2fda784fea6d |CorrelationId=b84e7cdc-9d23-43ef-8dae-2fda784fea6d, EventId_Id=101, EventId_Name=CorrelationIdProcessingEnd, EventId=CorrelationIdProcessingEnd
2020-09-06 21:26:52.6976|DEBUG|0HM2II9MIEL8M:00000001|Writing correlation ID response header X-Correlation-Id with value 2743b954-5523-46ac-883a-ffe24766a0cd |ResponseHeader=X-Correlation-Id, CorrelationId=2743b954-5523-46ac-883a-ffe24766a0cd, EventId_Id=112, EventId_Name=WritingCorrelationIdResponseHeader, EventId=WritingCorrelationIdResponseHeader
2020-09-06 21:26:52.6991|DEBUG|0HM2II9MIEL8M:00000001|Disposing the correlation context for this request |EventId_Id=111, EventId_Name=DisposingCorrelationContext, EventId=DisposingCorrelationContext
2020-09-06 21:26:52.8183|DEBUG|0HM2II9MIEL8L:00000002|Writing correlation ID response header X-Correlation-Id with value b84e7cdc-9d23-43ef-8dae-2fda784fea6d |ResponseHeader=X-Correlation-Id, CorrelationId=b84e7cdc-9d23-43ef-8dae-2fda784fea6d, EventId_Id=112, EventId_Name=WritingCorrelationIdResponseHeader, EventId=WritingCorrelationIdResponseHeader
2020-09-06 21:26:52.8189|DEBUG|0HM2II9MIEL8L:00000002|Disposing the correlation context for this request |EventId_Id=111, EventId_Name=DisposingCorrelationContext, EventId=DisposingCorrelationContext
2020-09-06 21:27:12.7674|DEBUG|0HM2II9MIEL8L:00000003|Running correlation ID processing |EventId_Id=100, EventId_Name=CorrelationIdProcessingBegin, EventId=CorrelationIdProcessingBegin
2020-09-06 21:27:12.7686|INFO |0HM2II9MIEL8L:00000003|Correlation ID e6ced22f-0049-4c92-b6e5-395e06cb0fae was found in the request headers |CorrelationId=e6ced22f-0049-4c92-b6e5-395e06cb0fae, EventId_Id=105, EventId_Name=EnforcedCorrelationIdHeaderMissing, EventId=EnforcedCorrelationIdHeaderMissing
2020-09-06 21:27:12.7737|DEBUG|0HM2II9MIEL8L:00000003|Creating the correlation context for this request |EventId_Id=110, EventId_Name=CreatingCorrelationContext, EventId=CreatingCorrelationContext
2020-09-06 21:27:12.7744|DEBUG|0HM2II9MIEL8L:00000003|Correlation ID processing was completed with a final correlation ID e6ced22f-0049-4c92-b6e5-395e06cb0fae |CorrelationId=e6ced22f-0049-4c92-b6e5-395e06cb0fae, EventId_Id=101, EventId_Name=CorrelationIdProcessingEnd, EventId=CorrelationIdProcessingEnd
2020-09-06 21:27:18.8684|DEBUG|0HM2II9MIEL8L:00000003|Writing correlation ID response header X-Correlation-Id with value e6ced22f-0049-4c92-b6e5-395e06cb0fae |ResponseHeader=X-Correlation-Id, CorrelationId=e6ced22f-0049-4c92-b6e5-395e06cb0fae, EventId_Id=112, EventId_Name=WritingCorrelationIdResponseHeader, EventId=WritingCorrelationIdResponseHeader
2020-09-06 21:27:18.8776|DEBUG|0HM2II9MIEL8L:00000003|Disposing the correlation context for this request |EventId_Id=111, EventId_Name=DisposingCorrelationContext, EventId=DisposingCorrelationContext
2020-09-06 21:28:48.4194|DEBUG|0HM2II9MIEL8L:00000004|Running correlation ID processing |EventId_Id=100, EventId_Name=CorrelationIdProcessingBegin, EventId=CorrelationIdProcessingBegin
2020-09-06 21:28:48.4202|INFO |0HM2II9MIEL8L:00000004|Correlation ID 9108b327-6716-4918-8763-118d66b55b4f was found in the request headers |CorrelationId=9108b327-6716-4918-8763-118d66b55b4f, EventId_Id=105, EventId_Name=EnforcedCorrelationIdHeaderMissing, EventId=EnforcedCorrelationIdHeaderMissing
2020-09-06 21:28:48.4255|DEBUG|0HM2II9MIEL8L:00000004|Creating the correlation context for this request |EventId_Id=110, EventId_Name=CreatingCorrelationContext, EventId=CreatingCorrelationContext
2020-09-06 21:28:48.4255|DEBUG|0HM2II9MIEL8L:00000004|Correlation ID processing was completed with a final correlation ID 9108b327-6716-4918-8763-118d66b55b4f |CorrelationId=9108b327-6716-4918-8763-118d66b55b4f, EventId_Id=101, EventId_Name=CorrelationIdProcessingEnd, EventId=CorrelationIdProcessingEnd
2020-09-06 21:28:55.4810|DEBUG|0HM2II9MIEL8L:00000004|Writing correlation ID response header X-Correlation-Id with value 9108b327-6716-4918-8763-118d66b55b4f |ResponseHeader=X-Correlation-Id, CorrelationId=9108b327-6716-4918-8763-118d66b55b4f, EventId_Id=112, EventId_Name=WritingCorrelationIdResponseHeader, EventId=WritingCorrelationIdResponseHeader
2020-09-06 21:28:55.4818|DEBUG|0HM2II9MIEL8L:00000004|Disposing the correlation context for this request |EventId_Id=111, EventId_Name=DisposingCorrelationContext, EventId=DisposingCorrelationContext
2020-09-06 21:30:18.8352|DEBUG|0HM2II9MIEL8L:00000005|Running correlation ID processing |EventId_Id=100, EventId_Name=CorrelationIdProcessingBegin, EventId=CorrelationIdProcessingBegin
2020-09-06 21:30:18.8363|INFO |0HM2II9MIEL8L:00000005|Correlation ID 9108b327-6716-4918-8763-118d66b55b4f was found in the request headers |CorrelationId=9108b327-6716-4918-8763-118d66b55b4f, EventId_Id=105, EventId_Name=EnforcedCorrelationIdHeaderMissing, EventId=EnforcedCorrelationIdHeaderMissing
2020-09-06 21:30:18.8416|DEBUG|0HM2II9MIEL8L:00000005|Creating the correlation context for this request |EventId_Id=110, EventId_Name=CreatingCorrelationContext, EventId=CreatingCorrelationContext
2020-09-06 21:30:18.8428|DEBUG|0HM2II9MIEL8L:00000005|Correlation ID processing was completed with a final correlation ID 9108b327-6716-4918-8763-118d66b55b4f |CorrelationId=9108b327-6716-4918-8763-118d66b55b4f, EventId_Id=101, EventId_Name=CorrelationIdProcessingEnd, EventId=CorrelationIdProcessingEnd
2020-09-06 21:30:32.5987|DEBUG|0HM2II9MIEL8L:00000005|Writing correlation ID response header X-Correlation-Id with value 9108b327-6716-4918-8763-118d66b55b4f |ResponseHeader=X-Correlation-Id, CorrelationId=9108b327-6716-4918-8763-118d66b55b4f, EventId_Id=112, EventId_Name=WritingCorrelationIdResponseHeader, EventId=WritingCorrelationIdResponseHeader
2020-09-06 21:30:32.6000|DEBUG|0HM2II9MIEL8L:00000005|Disposing the correlation context for this request |EventId_Id=111, EventId_Name=DisposingCorrelationContext, EventId=DisposingCorrelationContext
2020-09-06 21:31:20.6399|DEBUG|0HM2II9MIEL8L:00000006|Running correlation ID processing |EventId_Id=100, EventId_Name=CorrelationIdProcessingBegin, EventId=CorrelationIdProcessingBegin
2020-09-06 21:31:20.6414|INFO |0HM2II9MIEL8L:00000006|Correlation ID 732bfb35-b95f-4806-8151-996617f3ef45 was found in the request headers |CorrelationId=732bfb35-b95f-4806-8151-996617f3ef45, EventId_Id=105, EventId_Name=EnforcedCorrelationIdHeaderMissing, EventId=EnforcedCorrelationIdHeaderMissing
2020-09-06 21:31:20.6466|DEBUG|0HM2II9MIEL8L:00000006|Creating the correlation context for this request |EventId_Id=110, EventId_Name=CreatingCorrelationContext, EventId=CreatingCorrelationContext
2020-09-06 21:31:20.6466|DEBUG|0HM2II9MIEL8L:00000006|Correlation ID processing was completed with a final correlation ID 732bfb35-b95f-4806-8151-996617f3ef45 |CorrelationId=732bfb35-b95f-4806-8151-996617f3ef45, EventId_Id=101, EventId_Name=CorrelationIdProcessingEnd, EventId=CorrelationIdProcessingEnd
2020-09-06 21:31:20.7557|DEBUG|0HM2II9MIEL8L:00000006|Writing correlation ID response header X-Correlation-Id with value 732bfb35-b95f-4806-8151-996617f3ef45 |ResponseHeader=X-Correlation-Id, CorrelationId=732bfb35-b95f-4806-8151-996617f3ef45, EventId_Id=112, EventId_Name=WritingCorrelationIdResponseHeader, EventId=WritingCorrelationIdResponseHeader
2020-09-06 21:31:20.7567|DEBUG|0HM2II9MIEL8L:00000006|Disposing the correlation context for this request |EventId_Id=111, EventId_Name=DisposingCorrelationContext, EventId=DisposingCorrelationContext
2020-09-06 21:32:25.3858|DEBUG|0HM2II9MIEL8L:00000007|Running correlation ID processing |EventId_Id=100, EventId_Name=CorrelationIdProcessingBegin, EventId=CorrelationIdProcessingBegin
2020-09-06 21:32:25.3870|INFO |0HM2II9MIEL8L:00000007|Correlation ID e6ced22f-0049-4c92-b6e5-395e06cb0fae was found in the request headers |CorrelationId=e6ced22f-0049-4c92-b6e5-395e06cb0fae, EventId_Id=105, EventId_Name=EnforcedCorrelationIdHeaderMissing, EventId=EnforcedCorrelationIdHeaderMissing
2020-09-06 21:32:25.3922|DEBUG|0HM2II9MIEL8L:00000007|Creating the correlation context for this request |EventId_Id=110, EventId_Name=CreatingCorrelationContext, EventId=CreatingCorrelationContext
2020-09-06 21:32:25.3930|DEBUG|0HM2II9MIEL8L:00000007|Correlation ID processing was completed with a final correlation ID e6ced22f-0049-4c92-b6e5-395e06cb0fae |CorrelationId=e6ced22f-0049-4c92-b6e5-395e06cb0fae, EventId_Id=101, EventId_Name=CorrelationIdProcessingEnd, EventId=CorrelationIdProcessingEnd
2020-09-06 21:32:25.4403|DEBUG|0HM2II9MIEL8L:00000007|Writing correlation ID response header X-Correlation-Id with value e6ced22f-0049-4c92-b6e5-395e06cb0fae |ResponseHeader=X-Correlation-Id, CorrelationId=e6ced22f-0049-4c92-b6e5-395e06cb0fae, EventId_Id=112, EventId_Name=WritingCorrelationIdResponseHeader, EventId=WritingCorrelationIdResponseHeader
2020-09-06 21:32:25.4412|DEBUG|0HM2II9MIEL8L:00000007|Disposing the correlation context for this request |EventId_Id=111, EventId_Name=DisposingCorrelationContext, EventId=DisposingCorrelationContext
2020-09-06 22:14:23.5352|DEBUG||init main |
2020-09-06 22:15:05.4810|DEBUG|0HM2IJ4KPM3IN:00000001|Running correlation ID processing |EventId_Id=100, EventId_Name=CorrelationIdProcessingBegin, EventId=CorrelationIdProcessingBegin
2020-09-06 22:15:05.4948|INFO |0HM2IJ4KPM3IN:00000001|Correlation ID 9108b327-6716-4918-8763-118d66b55b4f was found in the request headers |CorrelationId=9108b327-6716-4918-8763-118d66b55b4f, EventId_Id=105, EventId_Name=EnforcedCorrelationIdHeaderMissing, EventId=EnforcedCorrelationIdHeaderMissing
2020-09-06 22:15:05.4988|DEBUG|0HM2IJ4KPM3IN:00000001|Creating the correlation context for this request |EventId_Id=110, EventId_Name=CreatingCorrelationContext, EventId=CreatingCorrelationContext
2020-09-06 22:15:05.5094|DEBUG|0HM2IJ4KPM3IN:00000001|Correlation ID processing was completed with a final correlation ID 9108b327-6716-4918-8763-118d66b55b4f |CorrelationId=9108b327-6716-4918-8763-118d66b55b4f, EventId_Id=101, EventId_Name=CorrelationIdProcessingEnd, EventId=CorrelationIdProcessingEnd
2020-09-06 22:17:03.8686|DEBUG||init main |
2020-09-06 22:17:08.3795|DEBUG|0HM2IJ5PDNID3:00000001|Running correlation ID processing |EventId_Id=100, EventId_Name=CorrelationIdProcessingBegin, EventId=CorrelationIdProcessingBegin
2020-09-06 22:17:08.3912|INFO |0HM2IJ5PDNID3:00000001|Correlation ID 9108b327-6716-4918-8763-118d66b55b4f was found in the request headers |CorrelationId=9108b327-6716-4918-8763-118d66b55b4f, EventId_Id=105, EventId_Name=EnforcedCorrelationIdHeaderMissing, EventId=EnforcedCorrelationIdHeaderMissing
2020-09-06 22:17:08.3957|DEBUG|0HM2IJ5PDNID3:00000001|Creating the correlation context for this request |EventId_Id=110, EventId_Name=CreatingCorrelationContext, EventId=CreatingCorrelationContext
2020-09-06 22:17:08.4052|DEBUG|0HM2IJ5PDNID3:00000001|Correlation ID processing was completed with a final correlation ID 9108b327-6716-4918-8763-118d66b55b4f |CorrelationId=9108b327-6716-4918-8763-118d66b55b4f, EventId_Id=101, EventId_Name=CorrelationIdProcessingEnd, EventId=CorrelationIdProcessingEnd
2020-09-06 22:19:21.2669|DEBUG||init main |
2020-09-06 22:19:36.4427|DEBUG|0HM2IJ75HK6T1:00000001|Running correlation ID processing |EventId_Id=100, EventId_Name=CorrelationIdProcessingBegin, EventId=CorrelationIdProcessingBegin
2020-09-06 22:19:36.4554|INFO |0HM2IJ75HK6T1:00000001|Correlation ID 9108b327-6716-4918-8763-118d66b55b4f was found in the request headers |CorrelationId=9108b327-6716-4918-8763-118d66b55b4f, EventId_Id=105, EventId_Name=EnforcedCorrelationIdHeaderMissing, EventId=EnforcedCorrelationIdHeaderMissing
2020-09-06 22:19:36.4595|DEBUG|0HM2IJ75HK6T1:00000001|Creating the correlation context for this request |EventId_Id=110, EventId_Name=CreatingCorrelationContext, EventId=CreatingCorrelationContext
2020-09-06 22:19:36.4695|DEBUG|0HM2IJ75HK6T1:00000001|Correlation ID processing was completed with a final correlation ID 9108b327-6716-4918-8763-118d66b55b4f |CorrelationId=9108b327-6716-4918-8763-118d66b55b4f, EventId_Id=101, EventId_Name=CorrelationIdProcessingEnd, EventId=CorrelationIdProcessingEnd
2020-09-06 22:19:50.6342|DEBUG|0HM2IJ75HK6T1:00000001|Writing correlation ID response header X-Correlation-Id with value 9108b327-6716-4918-8763-118d66b55b4f |ResponseHeader=X-Correlation-Id, CorrelationId=9108b327-6716-4918-8763-118d66b55b4f, EventId_Id=112, EventId_Name=WritingCorrelationIdResponseHeader, EventId=WritingCorrelationIdResponseHeader
2020-09-06 22:19:50.6452|DEBUG|0HM2IJ75HK6T1:00000001|Disposing the correlation context for this request |EventId_Id=111, EventId_Name=DisposingCorrelationContext, EventId=DisposingCorrelationContext
2020-09-06 22:20:16.7716|DEBUG||init main |
2020-09-06 22:20:26.3571|DEBUG|0HM2IJ7KDMDDD:00000001|Running correlation ID processing |EventId_Id=100, EventId_Name=CorrelationIdProcessingBegin, EventId=CorrelationIdProcessingBegin
2020-09-06 22:20:26.3727|INFO |0HM2IJ7KDMDDD:00000001|Correlation ID 9108b327-6716-4918-8763-118d66b55b4f was found in the request headers |CorrelationId=9108b327-6716-4918-8763-118d66b55b4f, EventId_Id=105, EventId_Name=EnforcedCorrelationIdHeaderMissing, EventId=EnforcedCorrelationIdHeaderMissing
2020-09-06 22:20:26.3771|DEBUG|0HM2IJ7KDMDDD:00000001|Creating the correlation context for this request |EventId_Id=110, EventId_Name=CreatingCorrelationContext, EventId=CreatingCorrelationContext
2020-09-06 22:20:26.3883|DEBUG|0HM2IJ7KDMDDD:00000001|Correlation ID processing was completed with a final correlation ID 9108b327-6716-4918-8763-118d66b55b4f |CorrelationId=9108b327-6716-4918-8763-118d66b55b4f, EventId_Id=101, EventId_Name=CorrelationIdProcessingEnd, EventId=CorrelationIdProcessingEnd
2020-09-06 22:20:34.6156|ERROR|0HM2IJ7KDMDDD:00000001|Something bad happened!!! ERR Error running script (call to f_1e31507ae86ff56f4c3bacc5a47e742c07b64b92): @user_script:1: WRONGTYPE Operation against a key holding the wrong kind of value|
2020-09-06 22:20:34.6494|DEBUG|0HM2IJ7KDMDDD:00000001|Writing correlation ID response header X-Correlation-Id with value 9108b327-6716-4918-8763-118d66b55b4f |ResponseHeader=X-Correlation-Id, CorrelationId=9108b327-6716-4918-8763-118d66b55b4f, EventId_Id=112, EventId_Name=WritingCorrelationIdResponseHeader, EventId=WritingCorrelationIdResponseHeader
2020-09-06 22:20:34.6631|DEBUG|0HM2IJ7KDMDDD:00000001|Disposing the correlation context for this request |EventId_Id=111, EventId_Name=DisposingCorrelationContext, EventId=DisposingCorrelationContext
2020-09-06 22:20:48.7706|DEBUG|0HM2IJ7KDMDDD:00000002|Running correlation ID processing |EventId_Id=100, EventId_Name=CorrelationIdProcessingBegin, EventId=CorrelationIdProcessingBegin
2020-09-06 22:20:48.7713|INFO |0HM2IJ7KDMDDD:00000002|Correlation ID 9108b327-6716-4918-8763-118d66b55b4f was found in the request headers |CorrelationId=9108b327-6716-4918-8763-118d66b55b4f, EventId_Id=105, EventId_Name=EnforcedCorrelationIdHeaderMissing, EventId=EnforcedCorrelationIdHeaderMissing
2020-09-06 22:20:48.7766|DEBUG|0HM2IJ7KDMDDD:00000002|Creating the correlation context for this request |EventId_Id=110, EventId_Name=CreatingCorrelationContext, EventId=CreatingCorrelationContext
2020-09-06 22:20:48.7782|DEBUG|0HM2IJ7KDMDDD:00000002|Correlation ID processing was completed with a final correlation ID 9108b327-6716-4918-8763-118d66b55b4f |CorrelationId=9108b327-6716-4918-8763-118d66b55b4f, EventId_Id=101, EventId_Name=CorrelationIdProcessingEnd, EventId=CorrelationIdProcessingEnd
2020-09-06 22:20:56.7459|ERROR|0HM2IJ7KDMDDD:00000002|Something bad happened!!! ERR Error running script (call to f_1e31507ae86ff56f4c3bacc5a47e742c07b64b92): @user_script:1: WRONGTYPE Operation against a key holding the wrong kind of value|
2020-09-06 22:20:56.7480|DEBUG|0HM2IJ7KDMDDD:00000002|Writing correlation ID response header X-Correlation-Id with value 9108b327-6716-4918-8763-118d66b55b4f |ResponseHeader=X-Correlation-Id, CorrelationId=9108b327-6716-4918-8763-118d66b55b4f, EventId_Id=112, EventId_Name=WritingCorrelationIdResponseHeader, EventId=WritingCorrelationIdResponseHeader
2020-09-06 22:20:56.7561|DEBUG|0HM2IJ7KDMDDD:00000002|Disposing the correlation context for this request |EventId_Id=111, EventId_Name=DisposingCorrelationContext, EventId=DisposingCorrelationContext
2020-09-06 22:34:32.7054|DEBUG||init main |
2020-09-06 22:34:51.6967|DEBUG||init main |
2020-09-06 22:34:59.7997|DEBUG|0HM2IJFONFVD7:00000001|Running correlation ID processing |EventId_Id=100, EventId_Name=CorrelationIdProcessingBegin, EventId=CorrelationIdProcessingBegin
2020-09-06 22:34:59.8139|INFO |0HM2IJFONFVD7:00000001|Correlation ID 9108b327-6716-4918-8763-118d66b55b4f was found in the request headers |CorrelationId=9108b327-6716-4918-8763-118d66b55b4f, EventId_Id=105, EventId_Name=EnforcedCorrelationIdHeaderMissing, EventId=EnforcedCorrelationIdHeaderMissing
2020-09-06 22:34:59.8183|DEBUG|0HM2IJFONFVD7:00000001|Creating the correlation context for this request |EventId_Id=110, EventId_Name=CreatingCorrelationContext, EventId=CreatingCorrelationContext
2020-09-06 22:34:59.8327|DEBUG|0HM2IJFONFVD7:00000001|Correlation ID processing was completed with a final correlation ID 9108b327-6716-4918-8763-118d66b55b4f |CorrelationId=9108b327-6716-4918-8763-118d66b55b4f, EventId_Id=101, EventId_Name=CorrelationIdProcessingEnd, EventId=CorrelationIdProcessingEnd
2020-09-06 22:36:34.1544|DEBUG||init main |
2020-09-06 22:36:44.6722|DEBUG|0HM2IJGNVNVJL:00000001|Running correlation ID processing |EventId_Id=100, EventId_Name=CorrelationIdProcessingBegin, EventId=CorrelationIdProcessingBegin
2020-09-06 22:36:44.6859|INFO |0HM2IJGNVNVJL:00000001|Correlation ID 9108b327-6716-4918-8763-118d66b55b4f was found in the request headers |CorrelationId=9108b327-6716-4918-8763-118d66b55b4f, EventId_Id=105, EventId_Name=EnforcedCorrelationIdHeaderMissing, EventId=EnforcedCorrelationIdHeaderMissing
2020-09-06 22:36:44.6894|DEBUG|0HM2IJGNVNVJL:00000001|Creating the correlation context for this request |EventId_Id=110, EventId_Name=CreatingCorrelationContext, EventId=CreatingCorrelationContext
2020-09-06 22:36:44.7002|DEBUG|0HM2IJGNVNVJL:00000001|Correlation ID processing was completed with a final correlation ID 9108b327-6716-4918-8763-118d66b55b4f |CorrelationId=9108b327-6716-4918-8763-118d66b55b4f, EventId_Id=101, EventId_Name=CorrelationIdProcessingEnd, EventId=CorrelationIdProcessingEnd
2020-09-06 22:36:54.7362|DEBUG|0HM2IJGNVNVJL:00000001|Writing correlation ID response header X-Correlation-Id with value 9108b327-6716-4918-8763-118d66b55b4f |ResponseHeader=X-Correlation-Id, CorrelationId=9108b327-6716-4918-8763-118d66b55b4f, EventId_Id=112, EventId_Name=WritingCorrelationIdResponseHeader, EventId=WritingCorrelationIdResponseHeader
2020-09-06 22:36:54.7474|DEBUG|0HM2IJGNVNVJL:00000001|Disposing the correlation context for this request |EventId_Id=111, EventId_Name=DisposingCorrelationContext, EventId=DisposingCorrelationContext
2020-09-06 22:38:02.9939|DEBUG||init main |
2020-09-06 22:38:08.2454|DEBUG|0HM2IJHGSOVCP:00000001|Running correlation ID processing |EventId_Id=100, EventId_Name=CorrelationIdProcessingBegin, EventId=CorrelationIdProcessingBegin
2020-09-06 22:38:08.2593|INFO |0HM2IJHGSOVCP:00000001|Correlation ID 9108b327-6716-4918-8763-118d66b55b4f was found in the request headers |CorrelationId=9108b327-6716-4918-8763-118d66b55b4f, EventId_Id=105, EventId_Name=EnforcedCorrelationIdHeaderMissing, EventId=EnforcedCorrelationIdHeaderMissing
2020-09-06 22:38:08.2638|DEBUG|0HM2IJHGSOVCP:00000001|Creating the correlation context for this request |EventId_Id=110, EventId_Name=CreatingCorrelationContext, EventId=CreatingCorrelationContext
2020-09-06 22:38:08.2746|DEBUG|0HM2IJHGSOVCP:00000001|Correlation ID processing was completed with a final correlation ID 9108b327-6716-4918-8763-118d66b55b4f |CorrelationId=9108b327-6716-4918-8763-118d66b55b4f, EventId_Id=101, EventId_Name=CorrelationIdProcessingEnd, EventId=CorrelationIdProcessingEnd
2020-09-06 22:38:16.2055|ERROR|0HM2IJHGSOVCP:00000001|Something bad happened!!! ERR Error running script (call to f_1e31507ae86ff56f4c3bacc5a47e742c07b64b92): @user_script:1: WRONGTYPE Operation against a key holding the wrong kind of value|
2020-09-06 22:38:16.2476|DEBUG|0HM2IJHGSOVCP:00000001|Writing correlation ID response header X-Correlation-Id with value 9108b327-6716-4918-8763-118d66b55b4f |ResponseHeader=X-Correlation-Id, CorrelationId=9108b327-6716-4918-8763-118d66b55b4f, EventId_Id=112, EventId_Name=WritingCorrelationIdResponseHeader, EventId=WritingCorrelationIdResponseHeader
2020-09-06 22:38:16.2640|DEBUG|0HM2IJHGSOVCP:00000001|Disposing the correlation context for this request |EventId_Id=111, EventId_Name=DisposingCorrelationContext, EventId=DisposingCorrelationContext
2020-09-06 22:38:39.1913|DEBUG|0HM2IJHGSOVCP:00000002|Running correlation ID processing |EventId_Id=100, EventId_Name=CorrelationIdProcessingBegin, EventId=CorrelationIdProcessingBegin
2020-09-06 22:38:39.1926|INFO |0HM2IJHGSOVCP:00000002|Correlation ID 9108b327-6716-4918-8763-118d66b55b4f was found in the request headers |CorrelationId=9108b327-6716-4918-8763-118d66b55b4f, EventId_Id=105, EventId_Name=EnforcedCorrelationIdHeaderMissing, EventId=EnforcedCorrelationIdHeaderMissing
2020-09-06 22:38:39.1978|DEBUG|0HM2IJHGSOVCP:00000002|Creating the correlation context for this request |EventId_Id=110, EventId_Name=CreatingCorrelationContext, EventId=CreatingCorrelationContext
2020-09-06 22:38:39.1990|DEBUG|0HM2IJHGSOVCP:00000002|Correlation ID processing was completed with a final correlation ID 9108b327-6716-4918-8763-118d66b55b4f |CorrelationId=9108b327-6716-4918-8763-118d66b55b4f, EventId_Id=101, EventId_Name=CorrelationIdProcessingEnd, EventId=CorrelationIdProcessingEnd
2020-09-06 22:39:42.4818|ERROR|0HM2IJHGSOVCP:00000002|Something bad happened!!! ERR Error running script (call to f_1e31507ae86ff56f4c3bacc5a47e742c07b64b92): @user_script:1: WRONGTYPE Operation against a key holding the wrong kind of value|
2020-09-06 22:39:42.4839|DEBUG|0HM2IJHGSOVCP:00000002|Writing correlation ID response header X-Correlation-Id with value 9108b327-6716-4918-8763-118d66b55b4f |ResponseHeader=X-Correlation-Id, CorrelationId=9108b327-6716-4918-8763-118d66b55b4f, EventId_Id=112, EventId_Name=WritingCorrelationIdResponseHeader, EventId=WritingCorrelationIdResponseHeader
2020-09-06 22:39:42.4933|DEBUG|0HM2IJHGSOVCP:00000002|Disposing the correlation context for this request |EventId_Id=111, EventId_Name=DisposingCorrelationContext, EventId=DisposingCorrelationContext
2020-09-06 22:40:49.9193|DEBUG|0HM2IJHGSOVCP:00000003|Running correlation ID processing |EventId_Id=100, EventId_Name=CorrelationIdProcessingBegin, EventId=CorrelationIdProcessingBegin
2020-09-06 22:40:49.9201|INFO |0HM2IJHGSOVCP:00000003|Correlation ID 9108b327-6716-4918-8763-118d66b55b4f was found in the request headers |CorrelationId=9108b327-6716-4918-8763-118d66b55b4f, EventId_Id=105, EventId_Name=EnforcedCorrelationIdHeaderMissing, EventId=EnforcedCorrelationIdHeaderMissing
2020-09-06 22:40:49.9254|DEBUG|0HM2IJHGSOVCP:00000003|Creating the correlation context for this request |EventId_Id=110, EventId_Name=CreatingCorrelationContext, EventId=CreatingCorrelationContext
2020-09-06 22:40:49.9260|DEBUG|0HM2IJHGSOVCP:00000003|Correlation ID processing was completed with a final correlation ID 9108b327-6716-4918-8763-118d66b55b4f |CorrelationId=9108b327-6716-4918-8763-118d66b55b4f, EventId_Id=101, EventId_Name=CorrelationIdProcessingEnd, EventId=CorrelationIdProcessingEnd
2020-09-06 22:41:08.3399|DEBUG||init main |
2020-09-06 22:41:10.8032|DEBUG|0HM2IJJ79OGFN:00000001|Running correlation ID processing |EventId_Id=100, EventId_Name=CorrelationIdProcessingBegin, EventId=CorrelationIdProcessingBegin
2020-09-06 22:41:10.8178|INFO |0HM2IJJ79OGFN:00000001|Correlation ID 9108b327-6716-4918-8763-118d66b55b4f was found in the request headers |CorrelationId=9108b327-6716-4918-8763-118d66b55b4f, EventId_Id=105, EventId_Name=EnforcedCorrelationIdHeaderMissing, EventId=EnforcedCorrelationIdHeaderMissing
2020-09-06 22:41:10.8213|DEBUG|0HM2IJJ79OGFN:00000001|Creating the correlation context for this request |EventId_Id=110, EventId_Name=CreatingCorrelationContext, EventId=CreatingCorrelationContext
2020-09-06 22:41:10.8316|DEBUG|0HM2IJJ79OGFN:00000001|Correlation ID processing was completed with a final correlation ID 9108b327-6716-4918-8763-118d66b55b4f |CorrelationId=9108b327-6716-4918-8763-118d66b55b4f, EventId_Id=101, EventId_Name=CorrelationIdProcessingEnd, EventId=CorrelationIdProcessingEnd
2020-09-06 22:41:20.1163|ERROR|0HM2IJJ79OGFN:00000001|Something bad happened!!! ERR Error running script (call to f_1e31507ae86ff56f4c3bacc5a47e742c07b64b92): @user_script:1: WRONGTYPE Operation against a key holding the wrong kind of value|
2020-09-06 22:41:20.1872|DEBUG|0HM2IJJ79OGFN:00000001|Writing correlation ID response header X-Correlation-Id with value 9108b327-6716-4918-8763-118d66b55b4f |ResponseHeader=X-Correlation-Id, CorrelationId=9108b327-6716-4918-8763-118d66b55b4f, EventId_Id=112, EventId_Name=WritingCorrelationIdResponseHeader, EventId=WritingCorrelationIdResponseHeader
2020-09-06 22:41:20.2008|DEBUG|0HM2IJJ79OGFN:00000001|Disposing the correlation context for this request |EventId_Id=111, EventId_Name=DisposingCorrelationContext, EventId=DisposingCorrelationContext
2020-09-06 23:00:21.9726|DEBUG||init main |
2020-09-06 23:00:36.4260|DEBUG|0HM2IJU2LUBDN:00000001|Running correlation ID processing |EventId_Id=100, EventId_Name=CorrelationIdProcessingBegin, EventId=CorrelationIdProcessingBegin
2020-09-06 23:00:36.4405|INFO |0HM2IJU2LUBDN:00000001|Correlation ID 9108b327-6716-4918-8763-118d66b55b4f was found in the request headers |CorrelationId=9108b327-6716-4918-8763-118d66b55b4f, EventId_Id=105, EventId_Name=EnforcedCorrelationIdHeaderMissing, EventId=EnforcedCorrelationIdHeaderMissing
2020-09-06 23:00:36.4441|DEBUG|0HM2IJU2LUBDN:00000001|Creating the correlation context for this request |EventId_Id=110, EventId_Name=CreatingCorrelationContext, EventId=CreatingCorrelationContext
2020-09-06 23:00:36.4556|DEBUG|0HM2IJU2LUBDN:00000001|Correlation ID processing was completed with a final correlation ID 9108b327-6716-4918-8763-118d66b55b4f |CorrelationId=9108b327-6716-4918-8763-118d66b55b4f, EventId_Id=101, EventId_Name=CorrelationIdProcessingEnd, EventId=CorrelationIdProcessingEnd
2020-09-06 23:01:15.1516|DEBUG|0HM2IJU2LUBDN:00000001|Writing correlation ID response header X-Correlation-Id with value 9108b327-6716-4918-8763-118d66b55b4f |ResponseHeader=X-Correlation-Id, CorrelationId=9108b327-6716-4918-8763-118d66b55b4f, EventId_Id=112, EventId_Name=WritingCorrelationIdResponseHeader, EventId=WritingCorrelationIdResponseHeader
2020-09-06 23:01:15.1723|DEBUG|0HM2IJU2LUBDN:00000001|Disposing the correlation context for this request |EventId_Id=111, EventId_Name=DisposingCorrelationContext, EventId=DisposingCorrelationContext
