2020-09-07 08:06:54.6676|DEBUG||init main |
2020-09-07 08:07:03.2502|DEBUG|0HM2ITFDTHUUH:00000001|Running correlation ID processing |EventId_Id=100, EventId_Name=CorrelationIdProcessingBegin, EventId=CorrelationIdProcessingBegin
2020-09-07 08:07:03.2618|INFO |0HM2ITFDTHUUH:00000001|No correlation ID was found in the request headers |EventId_Id=106, EventId_Name=MissingCorrelationIdHeader, EventId=MissingCorrelationIdHeader
2020-09-07 08:07:03.2664|DEBUG|0HM2ITFDTHUUH:00000001|Generated a correlation ID d52e2684-7bd4-4875-9ed4-b7ee8782092f using the CorrelationId.Providers.GuidCorrelationIdProvider provider |CorrelationId=d52e2684-7bd4-4875-9ed4-b7ee8782092f, Type=CorrelationId.Providers.GuidCorrelationIdProvider, EventId_Id=108, EventId_Name=GeneratedHeaderUsingProvider, EventId=GeneratedHeaderUsingProvider
2020-09-07 08:07:03.2708|DEBUG|0HM2ITFDTHUUH:00000001|Creating the correlation context for this request |EventId_Id=110, EventId_Name=CreatingCorrelationContext, EventId=CreatingCorrelationContext
2020-09-07 08:07:03.2819|DEBUG|0HM2ITFDTHUUH:00000001|Correlation ID processing was completed with a final correlation ID d52e2684-7bd4-4875-9ed4-b7ee8782092f |CorrelationId=d52e2684-7bd4-4875-9ed4-b7ee8782092f, EventId_Id=101, EventId_Name=CorrelationIdProcessingEnd, EventId=CorrelationIdProcessingEnd
2020-09-07 08:07:03.3259|DEBUG|0HM2ITFDTHUUH:00000001|Writing correlation ID response header X-Correlation-Id with value d52e2684-7bd4-4875-9ed4-b7ee8782092f |ResponseHeader=X-Correlation-Id, CorrelationId=d52e2684-7bd4-4875-9ed4-b7ee8782092f, EventId_Id=112, EventId_Name=WritingCorrelationIdResponseHeader, EventId=WritingCorrelationIdResponseHeader
2020-09-07 08:07:03.3416|DEBUG|0HM2ITFDTHUUH:00000001|Disposing the correlation context for this request |EventId_Id=111, EventId_Name=DisposingCorrelationContext, EventId=DisposingCorrelationContext
2020-09-07 08:07:03.6094|DEBUG|0HM2ITFDTHUUH:00000002|Running correlation ID processing |EventId_Id=100, EventId_Name=CorrelationIdProcessingBegin, EventId=CorrelationIdProcessingBegin
2020-09-07 08:07:03.6094|INFO |0HM2ITFDTHUUH:00000002|No correlation ID was found in the request headers |EventId_Id=106, EventId_Name=MissingCorrelationIdHeader, EventId=MissingCorrelationIdHeader
2020-09-07 08:07:03.6151|DEBUG|0HM2ITFDTHUUH:00000002|Generated a correlation ID 9e1f4baf-5ddf-4421-b670-d76d44bc3920 using the CorrelationId.Providers.GuidCorrelationIdProvider provider |CorrelationId=9e1f4baf-5ddf-4421-b670-d76d44bc3920, Type=CorrelationId.Providers.GuidCorrelationIdProvider, EventId_Id=108, EventId_Name=GeneratedHeaderUsingProvider, EventId=GeneratedHeaderUsingProvider
2020-09-07 08:07:03.6151|DEBUG|0HM2ITFDTHUUH:00000002|Creating the correlation context for this request |EventId_Id=110, EventId_Name=CreatingCorrelationContext, EventId=CreatingCorrelationContext
2020-09-07 08:07:03.6151|DEBUG|0HM2ITFDTHUUH:00000002|Correlation ID processing was completed with a final correlation ID 9e1f4baf-5ddf-4421-b670-d76d44bc3920 |CorrelationId=9e1f4baf-5ddf-4421-b670-d76d44bc3920, EventId_Id=101, EventId_Name=CorrelationIdProcessingEnd, EventId=CorrelationIdProcessingEnd
2020-09-07 08:07:03.7272|DEBUG|0HM2ITFDTHUUH:00000002|Writing correlation ID response header X-Correlation-Id with value 9e1f4baf-5ddf-4421-b670-d76d44bc3920 |ResponseHeader=X-Correlation-Id, CorrelationId=9e1f4baf-5ddf-4421-b670-d76d44bc3920, EventId_Id=112, EventId_Name=WritingCorrelationIdResponseHeader, EventId=WritingCorrelationIdResponseHeader
2020-09-07 08:07:03.7280|DEBUG|0HM2ITFDTHUUH:00000002|Disposing the correlation context for this request |EventId_Id=111, EventId_Name=DisposingCorrelationContext, EventId=DisposingCorrelationContext
2020-09-07 08:08:15.5567|DEBUG|0HM2ITFDTHUUH:00000003|Running correlation ID processing |EventId_Id=100, EventId_Name=CorrelationIdProcessingBegin, EventId=CorrelationIdProcessingBegin
2020-09-07 08:08:15.5582|INFO |0HM2ITFDTHUUH:00000003|Correlation ID 4904c7f7-fdee-4e05-abb9-989627fdd415 was found in the request headers |CorrelationId=4904c7f7-fdee-4e05-abb9-989627fdd415, EventId_Id=105, EventId_Name=EnforcedCorrelationIdHeaderMissing, EventId=EnforcedCorrelationIdHeaderMissing
2020-09-07 08:08:15.5597|DEBUG|0HM2ITFDTHUUH:00000003|Creating the correlation context for this request |EventId_Id=110, EventId_Name=CreatingCorrelationContext, EventId=CreatingCorrelationContext
2020-09-07 08:08:15.5597|DEBUG|0HM2ITFDTHUUH:00000003|Correlation ID processing was completed with a final correlation ID 4904c7f7-fdee-4e05-abb9-989627fdd415 |CorrelationId=4904c7f7-fdee-4e05-abb9-989627fdd415, EventId_Id=101, EventId_Name=CorrelationIdProcessingEnd, EventId=CorrelationIdProcessingEnd
2020-09-07 08:08:16.5805|DEBUG|0HM2ITFDTHUUH:00000003|Writing correlation ID response header X-Correlation-Id with value 4904c7f7-fdee-4e05-abb9-989627fdd415 |ResponseHeader=X-Correlation-Id, CorrelationId=4904c7f7-fdee-4e05-abb9-989627fdd415, EventId_Id=112, EventId_Name=WritingCorrelationIdResponseHeader, EventId=WritingCorrelationIdResponseHeader
2020-09-07 08:08:16.5881|DEBUG|0HM2ITFDTHUUH:00000003|Disposing the correlation context for this request |EventId_Id=111, EventId_Name=DisposingCorrelationContext, EventId=DisposingCorrelationContext
2020-09-07 08:09:19.8839|DEBUG|0HM2ITFDTHUUH:00000004|Running correlation ID processing |EventId_Id=100, EventId_Name=CorrelationIdProcessingBegin, EventId=CorrelationIdProcessingBegin
2020-09-07 08:09:19.8854|INFO |0HM2ITFDTHUUH:00000004|Correlation ID 4904c7f7-fdee-4e05-abb9-989627fdd415 was found in the request headers |CorrelationId=4904c7f7-fdee-4e05-abb9-989627fdd415, EventId_Id=105, EventId_Name=EnforcedCorrelationIdHeaderMissing, EventId=EnforcedCorrelationIdHeaderMissing
2020-09-07 08:09:19.8906|DEBUG|0HM2ITFDTHUUH:00000004|Creating the correlation context for this request |EventId_Id=110, EventId_Name=CreatingCorrelationContext, EventId=CreatingCorrelationContext
2020-09-07 08:09:19.8921|DEBUG|0HM2ITFDTHUUH:00000004|Correlation ID processing was completed with a final correlation ID 4904c7f7-fdee-4e05-abb9-989627fdd415 |CorrelationId=4904c7f7-fdee-4e05-abb9-989627fdd415, EventId_Id=101, EventId_Name=CorrelationIdProcessingEnd, EventId=CorrelationIdProcessingEnd
2020-09-07 08:09:19.9321|DEBUG|0HM2ITFDTHUUH:00000004|Writing correlation ID response header X-Correlation-Id with value 4904c7f7-fdee-4e05-abb9-989627fdd415 |ResponseHeader=X-Correlation-Id, CorrelationId=4904c7f7-fdee-4e05-abb9-989627fdd415, EventId_Id=112, EventId_Name=WritingCorrelationIdResponseHeader, EventId=WritingCorrelationIdResponseHeader
2020-09-07 08:09:19.9332|DEBUG|0HM2ITFDTHUUH:00000004|Disposing the correlation context for this request |EventId_Id=111, EventId_Name=DisposingCorrelationContext, EventId=DisposingCorrelationContext
2020-09-07 08:11:05.0334|DEBUG|0HM2ITFDTHUUH:00000005|Running correlation ID processing |EventId_Id=100, EventId_Name=CorrelationIdProcessingBegin, EventId=CorrelationIdProcessingBegin
2020-09-07 08:11:05.0345|INFO |0HM2ITFDTHUUH:00000005|Correlation ID 30314c6b-c787-414e-93ca-4cf846bc702c was found in the request headers |CorrelationId=30314c6b-c787-414e-93ca-4cf846bc702c, EventId_Id=105, EventId_Name=EnforcedCorrelationIdHeaderMissing, EventId=EnforcedCorrelationIdHeaderMissing
2020-09-07 08:11:05.0401|DEBUG|0HM2ITFDTHUUH:00000005|Creating the correlation context for this request |EventId_Id=110, EventId_Name=CreatingCorrelationContext, EventId=CreatingCorrelationContext
2020-09-07 08:11:05.0414|DEBUG|0HM2ITFDTHUUH:00000005|Correlation ID processing was completed with a final correlation ID 30314c6b-c787-414e-93ca-4cf846bc702c |CorrelationId=30314c6b-c787-414e-93ca-4cf846bc702c, EventId_Id=101, EventId_Name=CorrelationIdProcessingEnd, EventId=CorrelationIdProcessingEnd
2020-09-07 08:11:05.0666|DEBUG|0HM2ITFDTHUUH:00000005|Writing correlation ID response header X-Correlation-Id with value 30314c6b-c787-414e-93ca-4cf846bc702c |ResponseHeader=X-Correlation-Id, CorrelationId=30314c6b-c787-414e-93ca-4cf846bc702c, EventId_Id=112, EventId_Name=WritingCorrelationIdResponseHeader, EventId=WritingCorrelationIdResponseHeader
2020-09-07 08:11:05.0752|DEBUG|0HM2ITFDTHUUH:00000005|Disposing the correlation context for this request |EventId_Id=111, EventId_Name=DisposingCorrelationContext, EventId=DisposingCorrelationContext
2020-09-07 08:11:58.5970|DEBUG|0HM2ITFDTHUUH:00000006|Running correlation ID processing |EventId_Id=100, EventId_Name=CorrelationIdProcessingBegin, EventId=CorrelationIdProcessingBegin
2020-09-07 08:11:58.5982|INFO |0HM2ITFDTHUUH:00000006|Correlation ID 30314c6b-c787-414e-93ca-4cf846bc702c was found in the request headers |CorrelationId=30314c6b-c787-414e-93ca-4cf846bc702c, EventId_Id=105, EventId_Name=EnforcedCorrelationIdHeaderMissing, EventId=EnforcedCorrelationIdHeaderMissing
2020-09-07 08:11:58.6035|DEBUG|0HM2ITFDTHUUH:00000006|Creating the correlation context for this request |EventId_Id=110, EventId_Name=CreatingCorrelationContext, EventId=CreatingCorrelationContext
2020-09-07 08:11:58.6045|DEBUG|0HM2ITFDTHUUH:00000006|Correlation ID processing was completed with a final correlation ID 30314c6b-c787-414e-93ca-4cf846bc702c |CorrelationId=30314c6b-c787-414e-93ca-4cf846bc702c, EventId_Id=101, EventId_Name=CorrelationIdProcessingEnd, EventId=CorrelationIdProcessingEnd
2020-09-07 08:11:58.6112|DEBUG|0HM2ITFDTHUUH:00000006|Writing correlation ID response header X-Correlation-Id with value 30314c6b-c787-414e-93ca-4cf846bc702c |ResponseHeader=X-Correlation-Id, CorrelationId=30314c6b-c787-414e-93ca-4cf846bc702c, EventId_Id=112, EventId_Name=WritingCorrelationIdResponseHeader, EventId=WritingCorrelationIdResponseHeader
2020-09-07 08:11:58.6162|DEBUG|0HM2ITFDTHUUH:00000006|Disposing the correlation context for this request |EventId_Id=111, EventId_Name=DisposingCorrelationContext, EventId=DisposingCorrelationContext
2020-09-07 08:12:22.4950|DEBUG|0HM2ITFDTHUUH:00000007|Running correlation ID processing |EventId_Id=100, EventId_Name=CorrelationIdProcessingBegin, EventId=CorrelationIdProcessingBegin
2020-09-07 08:12:22.4950|INFO |0HM2ITFDTHUUH:00000007|Correlation ID 30314c6b-c787-414e-93ca-4cf846bc702c was found in the request headers |CorrelationId=30314c6b-c787-414e-93ca-4cf846bc702c, EventId_Id=105, EventId_Name=EnforcedCorrelationIdHeaderMissing, EventId=EnforcedCorrelationIdHeaderMissing
2020-09-07 08:12:22.4963|DEBUG|0HM2ITFDTHUUH:00000007|Creating the correlation context for this request |EventId_Id=110, EventId_Name=CreatingCorrelationContext, EventId=CreatingCorrelationContext
2020-09-07 08:12:22.4969|DEBUG|0HM2ITFDTHUUH:00000007|Correlation ID processing was completed with a final correlation ID 30314c6b-c787-414e-93ca-4cf846bc702c |CorrelationId=30314c6b-c787-414e-93ca-4cf846bc702c, EventId_Id=101, EventId_Name=CorrelationIdProcessingEnd, EventId=CorrelationIdProcessingEnd
2020-09-07 08:13:15.1165|DEBUG|0HM2ITFDTHUUH:00000007|Writing correlation ID response header X-Correlation-Id with value 30314c6b-c787-414e-93ca-4cf846bc702c |ResponseHeader=X-Correlation-Id, CorrelationId=30314c6b-c787-414e-93ca-4cf846bc702c, EventId_Id=112, EventId_Name=WritingCorrelationIdResponseHeader, EventId=WritingCorrelationIdResponseHeader
2020-09-07 08:13:15.1225|DEBUG|0HM2ITFDTHUUH:00000007|Disposing the correlation context for this request |EventId_Id=111, EventId_Name=DisposingCorrelationContext, EventId=DisposingCorrelationContext
2020-09-07 08:55:01.5634|DEBUG||init main |
2020-09-07 08:55:19.1989|DEBUG|0HM2IUACVFVT3:00000001|Running correlation ID processing |EventId_Id=100, EventId_Name=CorrelationIdProcessingBegin, EventId=CorrelationIdProcessingBegin
2020-09-07 08:55:19.2093|INFO |0HM2IUACVFVT3:00000001|No correlation ID was found in the request headers |EventId_Id=106, EventId_Name=MissingCorrelationIdHeader, EventId=MissingCorrelationIdHeader
2020-09-07 08:55:19.2138|DEBUG|0HM2IUACVFVT3:00000001|Generated a correlation ID f7893bca-b495-4cbe-bb9a-ce275686064a using the CorrelationId.Providers.GuidCorrelationIdProvider provider |CorrelationId=f7893bca-b495-4cbe-bb9a-ce275686064a, Type=CorrelationId.Providers.GuidCorrelationIdProvider, EventId_Id=108, EventId_Name=GeneratedHeaderUsingProvider, EventId=GeneratedHeaderUsingProvider
2020-09-07 08:55:19.2185|DEBUG|0HM2IUACVFVT3:00000001|Creating the correlation context for this request |EventId_Id=110, EventId_Name=CreatingCorrelationContext, EventId=CreatingCorrelationContext
2020-09-07 08:55:19.2299|DEBUG|0HM2IUACVFVT3:00000001|Correlation ID processing was completed with a final correlation ID f7893bca-b495-4cbe-bb9a-ce275686064a |CorrelationId=f7893bca-b495-4cbe-bb9a-ce275686064a, EventId_Id=101, EventId_Name=CorrelationIdProcessingEnd, EventId=CorrelationIdProcessingEnd
2020-09-07 08:55:19.2708|DEBUG|0HM2IUACVFVT3:00000001|Writing correlation ID response header X-Correlation-Id with value f7893bca-b495-4cbe-bb9a-ce275686064a |ResponseHeader=X-Correlation-Id, CorrelationId=f7893bca-b495-4cbe-bb9a-ce275686064a, EventId_Id=112, EventId_Name=WritingCorrelationIdResponseHeader, EventId=WritingCorrelationIdResponseHeader
2020-09-07 08:55:19.2871|DEBUG|0HM2IUACVFVT3:00000001|Disposing the correlation context for this request |EventId_Id=111, EventId_Name=DisposingCorrelationContext, EventId=DisposingCorrelationContext
2020-09-07 08:55:19.3435|DEBUG|0HM2IUACVFVT3:00000002|Running correlation ID processing |EventId_Id=100, EventId_Name=CorrelationIdProcessingBegin, EventId=CorrelationIdProcessingBegin
2020-09-07 08:55:19.3438|INFO |0HM2IUACVFVT3:00000002|No correlation ID was found in the request headers |EventId_Id=106, EventId_Name=MissingCorrelationIdHeader, EventId=MissingCorrelationIdHeader
2020-09-07 08:55:19.3438|DEBUG|0HM2IUACVFVT3:00000002|Generated a correlation ID 45554d78-fe19-47b0-86cf-a8248265605e using the CorrelationId.Providers.GuidCorrelationIdProvider provider |CorrelationId=45554d78-fe19-47b0-86cf-a8248265605e, Type=CorrelationId.Providers.GuidCorrelationIdProvider, EventId_Id=108, EventId_Name=GeneratedHeaderUsingProvider, EventId=GeneratedHeaderUsingProvider
2020-09-07 08:55:19.3438|DEBUG|0HM2IUACVFVT3:00000002|Creating the correlation context for this request |EventId_Id=110, EventId_Name=CreatingCorrelationContext, EventId=CreatingCorrelationContext
2020-09-07 08:55:19.3438|DEBUG|0HM2IUACVFVT3:00000002|Correlation ID processing was completed with a final correlation ID 45554d78-fe19-47b0-86cf-a8248265605e |CorrelationId=45554d78-fe19-47b0-86cf-a8248265605e, EventId_Id=101, EventId_Name=CorrelationIdProcessingEnd, EventId=CorrelationIdProcessingEnd
2020-09-07 08:55:19.3650|DEBUG|0HM2IUACVFVT3:00000002|Writing correlation ID response header X-Correlation-Id with value 45554d78-fe19-47b0-86cf-a8248265605e |ResponseHeader=X-Correlation-Id, CorrelationId=45554d78-fe19-47b0-86cf-a8248265605e, EventId_Id=112, EventId_Name=WritingCorrelationIdResponseHeader, EventId=WritingCorrelationIdResponseHeader
2020-09-07 08:55:19.4360|DEBUG|0HM2IUACVFVT3:00000002|Disposing the correlation context for this request |EventId_Id=111, EventId_Name=DisposingCorrelationContext, EventId=DisposingCorrelationContext
2020-09-07 08:55:19.5901|DEBUG|0HM2IUACVFVT3:00000003|Running correlation ID processing |EventId_Id=100, EventId_Name=CorrelationIdProcessingBegin, EventId=CorrelationIdProcessingBegin
2020-09-07 08:55:19.5917|INFO |0HM2IUACVFVT3:00000003|No correlation ID was found in the request headers |EventId_Id=106, EventId_Name=MissingCorrelationIdHeader, EventId=MissingCorrelationIdHeader
2020-09-07 08:55:19.5937|DEBUG|0HM2IUACVFVT3:00000003|Generated a correlation ID 82e2e042-626b-45ed-b5dd-65a337cb54a5 using the CorrelationId.Providers.GuidCorrelationIdProvider provider |CorrelationId=82e2e042-626b-45ed-b5dd-65a337cb54a5, Type=CorrelationId.Providers.GuidCorrelationIdProvider, EventId_Id=108, EventId_Name=GeneratedHeaderUsingProvider, EventId=GeneratedHeaderUsingProvider
2020-09-07 08:55:19.5947|DEBUG|0HM2IUACVFVT3:00000003|Creating the correlation context for this request |EventId_Id=110, EventId_Name=CreatingCorrelationContext, EventId=CreatingCorrelationContext
2020-09-07 08:55:19.5967|DEBUG|0HM2IUACVFVT3:00000003|Correlation ID processing was completed with a final correlation ID 82e2e042-626b-45ed-b5dd-65a337cb54a5 |CorrelationId=82e2e042-626b-45ed-b5dd-65a337cb54a5, EventId_Id=101, EventId_Name=CorrelationIdProcessingEnd, EventId=CorrelationIdProcessingEnd
2020-09-07 08:55:19.7060|DEBUG|0HM2IUACVFVT3:00000003|Writing correlation ID response header X-Correlation-Id with value 82e2e042-626b-45ed-b5dd-65a337cb54a5 |ResponseHeader=X-Correlation-Id, CorrelationId=82e2e042-626b-45ed-b5dd-65a337cb54a5, EventId_Id=112, EventId_Name=WritingCorrelationIdResponseHeader, EventId=WritingCorrelationIdResponseHeader
2020-09-07 08:55:19.7073|DEBUG|0HM2IUACVFVT3:00000003|Disposing the correlation context for this request |EventId_Id=111, EventId_Name=DisposingCorrelationContext, EventId=DisposingCorrelationContext
